<?xml version="1.0" encoding="UTF-8"?>
<coverage generated="1692800204221" clover="3.2.0">
  <project timestamp="1692800204221" name="All files">
    <metrics statements="176" coveredstatements="126" conditionals="192" coveredconditionals="116" methods="40" coveredmethods="25" elements="408" coveredelements="267" complexity="0" loc="176" ncloc="176" packages="1" files="2" classes="2"/>
    <file name="constants.ts" path="/Users/kamrantadzjibov/Projects/LekiTech/LezgiNumbers/src/constants.ts">
      <metrics statements="12" coveredstatements="12" conditionals="0" coveredconditionals="0" methods="0" coveredmethods="0"/>
      <line num="2" count="1" type="stmt"/>
      <line num="3" count="1" type="stmt"/>
      <line num="4" count="1" type="stmt"/>
      <line num="5" count="1" type="stmt"/>
      <line num="6" count="1" type="stmt"/>
      <line num="7" count="1" type="stmt"/>
      <line num="8" count="1" type="stmt"/>
      <line num="9" count="1" type="stmt"/>
      <line num="10" count="1" type="stmt"/>
      <line num="11" count="1" type="stmt"/>
      <line num="12" count="1" type="stmt"/>
      <line num="13" count="1" type="stmt"/>
    </file>
    <file name="index.ts" path="/Users/kamrantadzjibov/Projects/LekiTech/LezgiNumbers/src/index.ts">
      <metrics statements="164" coveredstatements="114" conditionals="192" coveredconditionals="116" methods="40" coveredmethods="25"/>
      <line num="2" count="1" type="stmt"/>
      <line num="3" count="1" type="stmt"/>
      <line num="4" count="1" type="stmt"/>
      <line num="12" count="14" type="cond" truecount="1" falsecount="1"/>
      <line num="13" count="0" type="stmt"/>
      <line num="14" count="14" type="stmt"/>
      <line num="15" count="14" type="stmt"/>
      <line num="16" count="14" type="stmt"/>
      <line num="17" count="65" type="stmt"/>
      <line num="18" count="65" type="stmt"/>
      <line num="19" count="65" type="stmt"/>
      <line num="21" count="14" type="stmt"/>
      <line num="22" count="14" type="stmt"/>
      <line num="24" count="1" type="stmt"/>
      <line num="36" count="14" type="stmt"/>
      <line num="37" count="14" type="stmt"/>
      <line num="38" count="126" type="stmt"/>
      <line num="39" count="578" type="cond" truecount="4" falsecount="0"/>
      <line num="40" count="15" type="stmt"/>
      <line num="42" count="563" type="stmt"/>
      <line num="44" count="126" type="cond" truecount="2" falsecount="0"/>
      <line num="45" count="11" type="stmt"/>
      <line num="48" count="578" type="cond" truecount="2" falsecount="0"/>
      <line num="51" count="14" type="stmt"/>
      <line num="52" count="14" type="stmt"/>
      <line num="55" count="4" type="cond" truecount="3" falsecount="1"/>
      <line num="56" count="0" type="stmt"/>
      <line num="58" count="4" type="cond" truecount="1" falsecount="1"/>
      <line num="59" count="0" type="stmt"/>
      <line num="61" count="4" type="stmt"/>
      <line num="62" count="4" type="cond" truecount="4" falsecount="1"/>
      <line num="63" count="0" type="stmt"/>
      <line num="65" count="4" type="cond" truecount="2" falsecount="0"/>
      <line num="66" count="1" type="stmt"/>
      <line num="68" count="3" type="stmt"/>
      <line num="72" count="4" type="stmt"/>
      <line num="75" count="1" type="stmt"/>
      <line num="79" count="1" type="stmt"/>
      <line num="82" count="1" type="stmt"/>
      <line num="85" count="1" type="cond" truecount="1" falsecount="1"/>
      <line num="88" count="0" type="stmt"/>
      <line num="91" count="1" type="cond" truecount="1" falsecount="1"/>
      <line num="94" count="0" type="stmt"/>
      <line num="97" count="9" type="cond" truecount="2" falsecount="0"/>
      <line num="100" count="13" type="cond" truecount="2" falsecount="0"/>
      <line num="103" count="6" type="cond" truecount="1" falsecount="1"/>
      <line num="104" count="6" type="stmt"/>
      <line num="105" count="6" type="stmt"/>
      <line num="108" count="7" type="cond" truecount="2" falsecount="0"/>
      <line num="111" count="3" type="cond" truecount="1" falsecount="1"/>
      <line num="112" count="3" type="cond" truecount="2" falsecount="0"/>
      <line num="113" count="3" type="stmt"/>
      <line num="116" count="3" type="cond" truecount="2" falsecount="0"/>
      <line num="119" count="3" type="cond" truecount="1" falsecount="1"/>
      <line num="120" count="3" type="cond" truecount="2" falsecount="0"/>
      <line num="121" count="3" type="stmt"/>
      <line num="124" count="1" type="cond" truecount="1" falsecount="1"/>
      <line num="127" count="1" type="cond" truecount="1" falsecount="1"/>
      <line num="128" count="1" type="cond" truecount="1" falsecount="1"/>
      <line num="129" count="1" type="stmt"/>
      <line num="132" count="0" type="cond" truecount="0" falsecount="2"/>
      <line num="135" count="0" type="cond" truecount="0" falsecount="2"/>
      <line num="136" count="0" type="cond" truecount="0" falsecount="2"/>
      <line num="137" count="0" type="stmt"/>
      <line num="140" count="0" type="cond" truecount="0" falsecount="2"/>
      <line num="143" count="0" type="cond" truecount="0" falsecount="2"/>
      <line num="144" count="0" type="cond" truecount="0" falsecount="2"/>
      <line num="145" count="0" type="stmt"/>
      <line num="148" count="0" type="cond" truecount="0" falsecount="2"/>
      <line num="151" count="0" type="cond" truecount="0" falsecount="2"/>
      <line num="152" count="0" type="cond" truecount="0" falsecount="2"/>
      <line num="153" count="0" type="stmt"/>
      <line num="156" count="0" type="cond" truecount="0" falsecount="2"/>
      <line num="159" count="0" type="cond" truecount="0" falsecount="2"/>
      <line num="160" count="0" type="cond" truecount="0" falsecount="2"/>
      <line num="161" count="0" type="stmt"/>
      <line num="164" count="0" type="cond" truecount="0" falsecount="2"/>
      <line num="167" count="0" type="cond" truecount="0" falsecount="2"/>
      <line num="168" count="0" type="cond" truecount="0" falsecount="2"/>
      <line num="169" count="0" type="stmt"/>
      <line num="172" count="0" type="cond" truecount="0" falsecount="2"/>
      <line num="175" count="0" type="cond" truecount="0" falsecount="2"/>
      <line num="176" count="0" type="cond" truecount="0" falsecount="2"/>
      <line num="177" count="0" type="stmt"/>
      <line num="180" count="0" type="cond" truecount="0" falsecount="2"/>
      <line num="183" count="14" type="stmt"/>
      <line num="184" count="14" type="stmt"/>
      <line num="185" count="61" type="cond" truecount="9" falsecount="0"/>
      <line num="192" count="3" type="stmt"/>
      <line num="194" count="117" type="stmt"/>
      <line num="195" count="58" type="cond" truecount="2" falsecount="0"/>
      <line num="196" count="2" type="stmt"/>
      <line num="198" count="56" type="cond" truecount="2" falsecount="0"/>
      <line num="199" count="1" type="stmt"/>
      <line num="201" count="55" type="cond" truecount="2" falsecount="0"/>
      <line num="202" count="1" type="stmt"/>
      <line num="204" count="54" type="cond" truecount="1" falsecount="1"/>
      <line num="205" count="0" type="stmt"/>
      <line num="207" count="54" type="cond" truecount="2" falsecount="0"/>
      <line num="208" count="1" type="stmt"/>
      <line num="210" count="53" type="cond" truecount="2" falsecount="0"/>
      <line num="211" count="1" type="stmt"/>
      <line num="213" count="52" type="cond" truecount="1" falsecount="1"/>
      <line num="214" count="0" type="stmt"/>
      <line num="216" count="52" type="cond" truecount="2" falsecount="0"/>
      <line num="217" count="1" type="stmt"/>
      <line num="219" count="51" type="cond" truecount="1" falsecount="1"/>
      <line num="220" count="0" type="stmt"/>
      <line num="222" count="51" type="cond" truecount="2" falsecount="0"/>
      <line num="223" count="3" type="stmt"/>
      <line num="225" count="48" type="cond" truecount="4" falsecount="0"/>
      <line num="226" count="6" type="stmt"/>
      <line num="228" count="42" type="cond" truecount="2" falsecount="0"/>
      <line num="229" count="4" type="stmt"/>
      <line num="231" count="38" type="cond" truecount="4" falsecount="0"/>
      <line num="232" count="3" type="stmt"/>
      <line num="234" count="35" type="cond" truecount="1" falsecount="1"/>
      <line num="235" count="0" type="stmt"/>
      <line num="237" count="35" type="cond" truecount="4" falsecount="0"/>
      <line num="238" count="3" type="stmt"/>
      <line num="240" count="32" type="cond" truecount="1" falsecount="1"/>
      <line num="241" count="0" type="stmt"/>
      <line num="243" count="32" type="cond" truecount="4" falsecount="0"/>
      <line num="244" count="1" type="stmt"/>
      <line num="246" count="31" type="cond" truecount="1" falsecount="1"/>
      <line num="247" count="0" type="stmt"/>
      <line num="249" count="31" type="cond" truecount="2" falsecount="2"/>
      <line num="250" count="0" type="stmt"/>
      <line num="252" count="31" type="cond" truecount="1" falsecount="1"/>
      <line num="253" count="0" type="stmt"/>
      <line num="255" count="31" type="cond" truecount="2" falsecount="2"/>
      <line num="256" count="0" type="stmt"/>
      <line num="258" count="31" type="cond" truecount="1" falsecount="1"/>
      <line num="259" count="0" type="stmt"/>
      <line num="261" count="31" type="cond" truecount="2" falsecount="2"/>
      <line num="262" count="0" type="stmt"/>
      <line num="264" count="31" type="cond" truecount="1" falsecount="1"/>
      <line num="265" count="0" type="stmt"/>
      <line num="267" count="31" type="cond" truecount="2" falsecount="2"/>
      <line num="268" count="0" type="stmt"/>
      <line num="270" count="31" type="cond" truecount="1" falsecount="1"/>
      <line num="271" count="0" type="stmt"/>
      <line num="273" count="31" type="cond" truecount="2" falsecount="2"/>
      <line num="274" count="0" type="stmt"/>
      <line num="276" count="31" type="cond" truecount="1" falsecount="1"/>
      <line num="277" count="0" type="stmt"/>
      <line num="279" count="31" type="cond" truecount="2" falsecount="2"/>
      <line num="280" count="0" type="stmt"/>
      <line num="282" count="31" type="cond" truecount="1" falsecount="1"/>
      <line num="283" count="0" type="stmt"/>
      <line num="285" count="31" type="cond" truecount="5" falsecount="1"/>
      <line num="287" count="14" type="stmt"/>
      <line num="290" count="12" type="cond" truecount="1" falsecount="1"/>
      <line num="291" count="0" type="stmt"/>
      <line num="294" count="12" type="stmt"/>
      <line num="305" count="25" type="cond" truecount="2" falsecount="0"/>
      <line num="306" count="4" type="stmt"/>
      <line num="308" count="21" type="cond" truecount="2" falsecount="0"/>
      <line num="309" count="9" type="stmt"/>
      <line num="311" count="12" type="stmt"/>
      <line num="312" count="12" type="stmt"/>
      <line num="313" count="12" type="stmt"/>
      <line num="314" count="12" type="cond" truecount="2" falsecount="0"/>
      <line num="316" count="1" type="stmt"/>
    </file>
  </project>
</coverage>
