<?xml version="1.0" encoding="UTF-8"?>
<coverage generated="1692743463408" clover="3.2.0">
  <project timestamp="1692743463408" name="All files">
    <metrics statements="168" coveredstatements="118" conditionals="186" coveredconditionals="110" methods="39" coveredmethods="24" elements="393" coveredelements="252" complexity="0" loc="168" ncloc="168" packages="1" files="2" classes="2"/>
    <file name="constants.ts" path="/Users/kamrantadzjibov/Projects/LekiTech/LezgiNumbers/src/constants.ts">
      <metrics statements="12" coveredstatements="12" conditionals="0" coveredconditionals="0" methods="0" coveredmethods="0"/>
      <line num="2" count="1" type="stmt"/>
      <line num="3" count="1" type="stmt"/>
      <line num="4" count="1" type="stmt"/>
      <line num="5" count="1" type="stmt"/>
      <line num="6" count="1" type="stmt"/>
      <line num="7" count="1" type="stmt"/>
      <line num="8" count="1" type="stmt"/>
      <line num="9" count="1" type="stmt"/>
      <line num="10" count="1" type="stmt"/>
      <line num="11" count="1" type="stmt"/>
      <line num="12" count="1" type="stmt"/>
      <line num="13" count="1" type="stmt"/>
    </file>
    <file name="index.ts" path="/Users/kamrantadzjibov/Projects/LekiTech/LezgiNumbers/src/index.ts">
      <metrics statements="156" coveredstatements="106" conditionals="186" coveredconditionals="110" methods="39" coveredmethods="24"/>
      <line num="2" count="1" type="stmt"/>
      <line num="3" count="1" type="stmt"/>
      <line num="4" count="1" type="stmt"/>
      <line num="12" count="13" type="cond" truecount="1" falsecount="1"/>
      <line num="13" count="0" type="stmt"/>
      <line num="14" count="13" type="stmt"/>
      <line num="15" count="13" type="stmt"/>
      <line num="16" count="13" type="stmt"/>
      <line num="17" count="62" type="stmt"/>
      <line num="18" count="62" type="stmt"/>
      <line num="19" count="62" type="stmt"/>
      <line num="22" count="13" type="stmt"/>
      <line num="24" count="13" type="stmt"/>
      <line num="26" count="1" type="stmt"/>
      <line num="38" count="13" type="stmt"/>
      <line num="39" count="13" type="stmt"/>
      <line num="40" count="117" type="stmt"/>
      <line num="41" count="551" type="cond" truecount="4" falsecount="0"/>
      <line num="42" count="15" type="stmt"/>
      <line num="44" count="536" type="stmt"/>
      <line num="46" count="117" type="cond" truecount="2" falsecount="0"/>
      <line num="47" count="11" type="stmt"/>
      <line num="50" count="551" type="cond" truecount="2" falsecount="0"/>
      <line num="53" count="13" type="stmt"/>
      <line num="54" count="13" type="stmt"/>
      <line num="57" count="4" type="cond" truecount="3" falsecount="1"/>
      <line num="58" count="0" type="stmt"/>
      <line num="60" count="4" type="cond" truecount="1" falsecount="1"/>
      <line num="61" count="0" type="stmt"/>
      <line num="63" count="4" type="stmt"/>
      <line num="64" count="4" type="cond" truecount="4" falsecount="1"/>
      <line num="65" count="0" type="stmt"/>
      <line num="67" count="4" type="cond" truecount="2" falsecount="0"/>
      <line num="68" count="1" type="stmt"/>
      <line num="70" count="3" type="stmt"/>
      <line num="74" count="4" type="stmt"/>
      <line num="77" count="1" type="stmt"/>
      <line num="81" count="1" type="stmt"/>
      <line num="84" count="1" type="stmt"/>
      <line num="87" count="1" type="cond" truecount="1" falsecount="1"/>
      <line num="90" count="0" type="stmt"/>
      <line num="93" count="1" type="cond" truecount="1" falsecount="1"/>
      <line num="96" count="0" type="stmt"/>
      <line num="99" count="8" type="cond" truecount="2" falsecount="0"/>
      <line num="102" count="13" type="cond" truecount="2" falsecount="0"/>
      <line num="105" count="6" type="cond" truecount="1" falsecount="1"/>
      <line num="106" count="6" type="stmt"/>
      <line num="107" count="6" type="stmt"/>
      <line num="110" count="7" type="cond" truecount="2" falsecount="0"/>
      <line num="113" count="3" type="cond" truecount="1" falsecount="1"/>
      <line num="114" count="3" type="cond" truecount="2" falsecount="0"/>
      <line num="115" count="3" type="stmt"/>
      <line num="118" count="3" type="cond" truecount="2" falsecount="0"/>
      <line num="121" count="3" type="cond" truecount="1" falsecount="1"/>
      <line num="122" count="3" type="cond" truecount="2" falsecount="0"/>
      <line num="123" count="3" type="stmt"/>
      <line num="126" count="1" type="cond" truecount="1" falsecount="1"/>
      <line num="129" count="1" type="cond" truecount="1" falsecount="1"/>
      <line num="130" count="1" type="cond" truecount="1" falsecount="1"/>
      <line num="131" count="1" type="stmt"/>
      <line num="134" count="0" type="cond" truecount="0" falsecount="2"/>
      <line num="137" count="0" type="cond" truecount="0" falsecount="2"/>
      <line num="138" count="0" type="cond" truecount="0" falsecount="2"/>
      <line num="139" count="0" type="stmt"/>
      <line num="142" count="0" type="cond" truecount="0" falsecount="2"/>
      <line num="145" count="0" type="cond" truecount="0" falsecount="2"/>
      <line num="146" count="0" type="cond" truecount="0" falsecount="2"/>
      <line num="147" count="0" type="stmt"/>
      <line num="150" count="0" type="cond" truecount="0" falsecount="2"/>
      <line num="153" count="0" type="cond" truecount="0" falsecount="2"/>
      <line num="154" count="0" type="cond" truecount="0" falsecount="2"/>
      <line num="155" count="0" type="stmt"/>
      <line num="158" count="0" type="cond" truecount="0" falsecount="2"/>
      <line num="161" count="0" type="cond" truecount="0" falsecount="2"/>
      <line num="162" count="0" type="cond" truecount="0" falsecount="2"/>
      <line num="163" count="0" type="stmt"/>
      <line num="166" count="0" type="cond" truecount="0" falsecount="2"/>
      <line num="169" count="0" type="cond" truecount="0" falsecount="2"/>
      <line num="170" count="0" type="cond" truecount="0" falsecount="2"/>
      <line num="171" count="0" type="stmt"/>
      <line num="174" count="0" type="cond" truecount="0" falsecount="2"/>
      <line num="177" count="0" type="cond" truecount="0" falsecount="2"/>
      <line num="178" count="0" type="cond" truecount="0" falsecount="2"/>
      <line num="179" count="0" type="stmt"/>
      <line num="182" count="0" type="cond" truecount="0" falsecount="2"/>
      <line num="185" count="13" type="stmt"/>
      <line num="186" count="13" type="stmt"/>
      <line num="187" count="58" type="cond" truecount="9" falsecount="0"/>
      <line num="194" count="3" type="stmt"/>
      <line num="196" count="114" type="stmt"/>
      <line num="197" count="55" type="cond" truecount="2" falsecount="0"/>
      <line num="198" count="2" type="stmt"/>
      <line num="200" count="53" type="cond" truecount="2" falsecount="0"/>
      <line num="201" count="1" type="stmt"/>
      <line num="203" count="52" type="cond" truecount="2" falsecount="0"/>
      <line num="204" count="1" type="stmt"/>
      <line num="206" count="51" type="cond" truecount="1" falsecount="1"/>
      <line num="207" count="0" type="stmt"/>
      <line num="209" count="51" type="cond" truecount="2" falsecount="0"/>
      <line num="210" count="1" type="stmt"/>
      <line num="212" count="50" type="cond" truecount="2" falsecount="0"/>
      <line num="213" count="1" type="stmt"/>
      <line num="215" count="49" type="cond" truecount="1" falsecount="1"/>
      <line num="216" count="0" type="stmt"/>
      <line num="218" count="49" type="cond" truecount="2" falsecount="0"/>
      <line num="219" count="1" type="stmt"/>
      <line num="221" count="48" type="cond" truecount="1" falsecount="1"/>
      <line num="222" count="0" type="stmt"/>
      <line num="224" count="48" type="cond" truecount="2" falsecount="0"/>
      <line num="225" count="2" type="stmt"/>
      <line num="227" count="46" type="cond" truecount="4" falsecount="0"/>
      <line num="228" count="6" type="stmt"/>
      <line num="230" count="40" type="cond" truecount="2" falsecount="0"/>
      <line num="231" count="4" type="stmt"/>
      <line num="233" count="36" type="cond" truecount="4" falsecount="0"/>
      <line num="234" count="3" type="stmt"/>
      <line num="236" count="33" type="cond" truecount="1" falsecount="1"/>
      <line num="237" count="0" type="stmt"/>
      <line num="239" count="33" type="cond" truecount="4" falsecount="0"/>
      <line num="240" count="3" type="stmt"/>
      <line num="242" count="30" type="cond" truecount="1" falsecount="1"/>
      <line num="243" count="0" type="stmt"/>
      <line num="245" count="30" type="cond" truecount="4" falsecount="0"/>
      <line num="246" count="1" type="stmt"/>
      <line num="248" count="29" type="cond" truecount="1" falsecount="1"/>
      <line num="249" count="0" type="stmt"/>
      <line num="251" count="29" type="cond" truecount="2" falsecount="2"/>
      <line num="252" count="0" type="stmt"/>
      <line num="254" count="29" type="cond" truecount="1" falsecount="1"/>
      <line num="255" count="0" type="stmt"/>
      <line num="257" count="29" type="cond" truecount="2" falsecount="2"/>
      <line num="258" count="0" type="stmt"/>
      <line num="260" count="29" type="cond" truecount="1" falsecount="1"/>
      <line num="261" count="0" type="stmt"/>
      <line num="263" count="29" type="cond" truecount="2" falsecount="2"/>
      <line num="264" count="0" type="stmt"/>
      <line num="266" count="29" type="cond" truecount="1" falsecount="1"/>
      <line num="267" count="0" type="stmt"/>
      <line num="269" count="29" type="cond" truecount="2" falsecount="2"/>
      <line num="270" count="0" type="stmt"/>
      <line num="272" count="29" type="cond" truecount="1" falsecount="1"/>
      <line num="273" count="0" type="stmt"/>
      <line num="275" count="29" type="cond" truecount="2" falsecount="2"/>
      <line num="276" count="0" type="stmt"/>
      <line num="278" count="29" type="cond" truecount="1" falsecount="1"/>
      <line num="279" count="0" type="stmt"/>
      <line num="281" count="29" type="cond" truecount="2" falsecount="2"/>
      <line num="282" count="0" type="stmt"/>
      <line num="284" count="29" type="cond" truecount="1" falsecount="1"/>
      <line num="285" count="0" type="stmt"/>
      <line num="287" count="29" type="cond" truecount="5" falsecount="1"/>
      <line num="289" count="13" type="stmt"/>
      <line num="299" count="11" type="cond" truecount="1" falsecount="1"/>
      <line num="300" count="0" type="stmt"/>
      <line num="303" count="11" type="stmt"/>
      <line num="306" count="1" type="stmt"/>
    </file>
  </project>
</coverage>
