{"/Users/kamrantadzjibov/Projects/LekiTech/LezgiNumbers/src/constants.ts": {"path":"/Users/kamrantadzjibov/Projects/LekiTech/LezgiNumbers/src/constants.ts","statementMap":{"0":{"start":{"line":2,"column":0},"end":{"line":2,"column":62}},"1":{"start":{"line":3,"column":0},"end":{"line":3,"column":240}},"2":{"start":{"line":4,"column":0},"end":{"line":4,"column":22}},"3":{"start":{"line":5,"column":0},"end":{"line":5,"column":22}},"4":{"start":{"line":6,"column":0},"end":{"line":6,"column":24}},"5":{"start":{"line":7,"column":0},"end":{"line":7,"column":27}},"6":{"start":{"line":8,"column":0},"end":{"line":8,"column":27}},"7":{"start":{"line":9,"column":0},"end":{"line":9,"column":26}},"8":{"start":{"line":10,"column":0},"end":{"line":10,"column":26}},"9":{"start":{"line":11,"column":0},"end":{"line":11,"column":25}},"10":{"start":{"line":12,"column":0},"end":{"line":12,"column":25}},"11":{"start":{"line":13,"column":0},"end":{"line":49,"column":2}},"12":{"start":{"line":50,"column":0},"end":{"line":50,"column":24}},"13":{"start":{"line":51,"column":27},"end":{"line":51,"column":69}},"14":{"start":{"line":52,"column":28},"end":{"line":52,"column":74}},"15":{"start":{"line":53,"column":0},"end":{"line":145,"column":2}}},"fnMap":{},"branchMap":{},"s":{"0":2,"1":2,"2":2,"3":2,"4":2,"5":2,"6":2,"7":2,"8":2,"9":2,"10":2,"11":2,"12":2,"13":2,"14":2,"15":2},"f":{},"b":{},"_coverageSchema":"1a1c01bbd47fc00a2c39e90264f33305004495a9","hash":"1d15e29b1ade4ba1f94e4f7fdc47de71771b480b"}
,"/Users/kamrantadzjibov/Projects/LekiTech/LezgiNumbers/src/index.ts": {"path":"/Users/kamrantadzjibov/Projects/LekiTech/LezgiNumbers/src/index.ts","statementMap":{"0":{"start":{"line":2,"column":0},"end":{"line":2,"column":62}},"1":{"start":{"line":3,"column":0},"end":{"line":3,"column":49}},"2":{"start":{"line":4,"column":19},"end":{"line":4,"column":42}},"3":{"start":{"line":5,"column":0},"end":{"line":5,"column":121}},"4":{"start":{"line":5,"column":84},"end":{"line":5,"column":115}},"5":{"start":{"line":6,"column":19},"end":{"line":6,"column":42}},"6":{"start":{"line":7,"column":0},"end":{"line":7,"column":121}},"7":{"start":{"line":7,"column":84},"end":{"line":7,"column":115}}},"fnMap":{"0":{"name":"(anonymous_0)","decl":{"start":{"line":5,"column":70},"end":{"line":5,"column":71}},"loc":{"start":{"line":5,"column":82},"end":{"line":5,"column":117}},"line":5},"1":{"name":"(anonymous_1)","decl":{"start":{"line":7,"column":70},"end":{"line":7,"column":71}},"loc":{"start":{"line":7,"column":82},"end":{"line":7,"column":117}},"line":7}},"branchMap":{},"s":{"0":1,"1":1,"2":1,"3":1,"4":27,"5":1,"6":1,"7":0},"f":{"0":27,"1":0},"b":{},"_coverageSchema":"1a1c01bbd47fc00a2c39e90264f33305004495a9","hash":"8f34d688c5c3e60eb671086e71faff6b22f98404"}
,"/Users/kamrantadzjibov/Projects/LekiTech/LezgiNumbers/src/lezgiToNum.ts": {"path":"/Users/kamrantadzjibov/Projects/LekiTech/LezgiNumbers/src/lezgiToNum.ts","statementMap":{"0":{"start":{"line":2,"column":0},"end":{"line":2,"column":62}},"1":{"start":{"line":3,"column":0},"end":{"line":3,"column":28}},"2":{"start":{"line":4,"column":20},"end":{"line":4,"column":42}},"3":{"start":{"line":13,"column":4},"end":{"line":15,"column":5}},"4":{"start":{"line":14,"column":8},"end":{"line":14,"column":62}},"5":{"start":{"line":16,"column":23},"end":{"line":16,"column":61}},"6":{"start":{"line":17,"column":4},"end":{"line":19,"column":5}},"7":{"start":{"line":18,"column":8},"end":{"line":18,"column":59}},"8":{"start":{"line":20,"column":30},"end":{"line":20,"column":56}},"9":{"start":{"line":21,"column":4},"end":{"line":78,"column":5}},"10":{"start":{"line":23,"column":8},"end":{"line":31,"column":9}},"11":{"start":{"line":24,"column":12},"end":{"line":26,"column":13}},"12":{"start":{"line":25,"column":16},"end":{"line":25,"column":199}},"13":{"start":{"line":27,"column":12},"end":{"line":27,"column":113}},"14":{"start":{"line":30,"column":12},"end":{"line":30,"column":90}},"15":{"start":{"line":35,"column":35},"end":{"line":42,"column":10}},"16":{"start":{"line":36,"column":12},"end":{"line":41,"column":13}},"17":{"start":{"line":37,"column":16},"end":{"line":37,"column":58}},"18":{"start":{"line":40,"column":16},"end":{"line":40,"column":98}},"19":{"start":{"line":43,"column":37},"end":{"line":43,"column":66}},"20":{"start":{"line":44,"column":8},"end":{"line":75,"column":9}},"21":{"start":{"line":45,"column":12},"end":{"line":74,"column":13}},"22":{"start":{"line":45,"column":25},"end":{"line":45,"column":26}},"23":{"start":{"line":46,"column":33},"end":{"line":46,"column":58}},"24":{"start":{"line":47,"column":29},"end":{"line":47,"column":50}},"25":{"start":{"line":48,"column":16},"end":{"line":52,"column":17}},"26":{"start":{"line":50,"column":20},"end":{"line":51,"column":102}},"27":{"start":{"line":53,"column":16},"end":{"line":55,"column":17}},"28":{"start":{"line":54,"column":20},"end":{"line":54,"column":113}},"29":{"start":{"line":56,"column":16},"end":{"line":73,"column":17}},"30":{"start":{"line":57,"column":20},"end":{"line":66,"column":21}},"31":{"start":{"line":60,"column":24},"end":{"line":60,"column":91}},"32":{"start":{"line":65,"column":24},"end":{"line":65,"column":62}},"33":{"start":{"line":67,"column":20},"end":{"line":67,"column":29}},"34":{"start":{"line":69,"column":21},"end":{"line":73,"column":17}},"35":{"start":{"line":71,"column":20},"end":{"line":71,"column":87}},"36":{"start":{"line":72,"column":20},"end":{"line":72,"column":29}},"37":{"start":{"line":76,"column":23},"end":{"line":76,"column":80}},"38":{"start":{"line":76,"column":66},"end":{"line":76,"column":76}},"39":{"start":{"line":77,"column":8},"end":{"line":77,"column":49}},"40":{"start":{"line":80,"column":0},"end":{"line":80,"column":32}}},"fnMap":{"0":{"name":"lezgiToNum","decl":{"start":{"line":12,"column":9},"end":{"line":12,"column":19}},"loc":{"start":{"line":12,"column":30},"end":{"line":79,"column":1}},"line":12},"1":{"name":"(anonymous_1)","decl":{"start":{"line":35,"column":57},"end":{"line":35,"column":58}},"loc":{"start":{"line":35,"column":75},"end":{"line":42,"column":9}},"line":35},"2":{"name":"(anonymous_2)","decl":{"start":{"line":76,"column":51},"end":{"line":76,"column":52}},"loc":{"start":{"line":76,"column":66},"end":{"line":76,"column":76}},"line":76}},"branchMap":{"0":{"loc":{"start":{"line":13,"column":4},"end":{"line":15,"column":5}},"type":"if","locations":[{"start":{"line":13,"column":4},"end":{"line":15,"column":5}},{"start":{},"end":{}}],"line":13},"1":{"loc":{"start":{"line":17,"column":4},"end":{"line":19,"column":5}},"type":"if","locations":[{"start":{"line":17,"column":4},"end":{"line":19,"column":5}},{"start":{},"end":{}}],"line":17},"2":{"loc":{"start":{"line":21,"column":4},"end":{"line":78,"column":5}},"type":"if","locations":[{"start":{"line":21,"column":4},"end":{"line":78,"column":5}},{"start":{"line":33,"column":9},"end":{"line":78,"column":5}}],"line":21},"3":{"loc":{"start":{"line":23,"column":8},"end":{"line":31,"column":9}},"type":"if","locations":[{"start":{"line":23,"column":8},"end":{"line":31,"column":9}},{"start":{"line":29,"column":13},"end":{"line":31,"column":9}}],"line":23},"4":{"loc":{"start":{"line":24,"column":12},"end":{"line":26,"column":13}},"type":"if","locations":[{"start":{"line":24,"column":12},"end":{"line":26,"column":13}},{"start":{},"end":{}}],"line":24},"5":{"loc":{"start":{"line":25,"column":92},"end":{"line":25,"column":194}},"type":"cond-expr","locations":[{"start":{"line":25,"column":137},"end":{"line":25,"column":186}},{"start":{"line":25,"column":189},"end":{"line":25,"column":194}}],"line":25},"6":{"loc":{"start":{"line":27,"column":19},"end":{"line":27,"column":112}},"type":"cond-expr","locations":[{"start":{"line":27,"column":32},"end":{"line":27,"column":73}},{"start":{"line":27,"column":76},"end":{"line":27,"column":112}}],"line":27},"7":{"loc":{"start":{"line":36,"column":12},"end":{"line":41,"column":13}},"type":"if","locations":[{"start":{"line":36,"column":12},"end":{"line":41,"column":13}},{"start":{"line":39,"column":17},"end":{"line":41,"column":13}}],"line":36},"8":{"loc":{"start":{"line":44,"column":8},"end":{"line":75,"column":9}},"type":"if","locations":[{"start":{"line":44,"column":8},"end":{"line":75,"column":9}},{"start":{},"end":{}}],"line":44},"9":{"loc":{"start":{"line":48,"column":16},"end":{"line":52,"column":17}},"type":"if","locations":[{"start":{"line":48,"column":16},"end":{"line":52,"column":17}},{"start":{},"end":{}}],"line":48},"10":{"loc":{"start":{"line":48,"column":20},"end":{"line":49,"column":100}},"type":"binary-expr","locations":[{"start":{"line":48,"column":20},"end":{"line":48,"column":40}},{"start":{"line":49,"column":21},"end":{"line":49,"column":58}},{"start":{"line":49,"column":62},"end":{"line":49,"column":99}}],"line":48},"11":{"loc":{"start":{"line":53,"column":16},"end":{"line":55,"column":17}},"type":"if","locations":[{"start":{"line":53,"column":16},"end":{"line":55,"column":17}},{"start":{},"end":{}}],"line":53},"12":{"loc":{"start":{"line":53,"column":20},"end":{"line":53,"column":76}},"type":"binary-expr","locations":[{"start":{"line":53,"column":20},"end":{"line":53,"column":37}},{"start":{"line":53,"column":41},"end":{"line":53,"column":76}}],"line":53},"13":{"loc":{"start":{"line":56,"column":16},"end":{"line":73,"column":17}},"type":"if","locations":[{"start":{"line":56,"column":16},"end":{"line":73,"column":17}},{"start":{"line":69,"column":21},"end":{"line":73,"column":17}}],"line":56},"14":{"loc":{"start":{"line":57,"column":20},"end":{"line":66,"column":21}},"type":"if","locations":[{"start":{"line":57,"column":20},"end":{"line":66,"column":21}},{"start":{"line":62,"column":25},"end":{"line":66,"column":21}}],"line":57},"15":{"loc":{"start":{"line":69,"column":21},"end":{"line":73,"column":17}},"type":"if","locations":[{"start":{"line":69,"column":21},"end":{"line":73,"column":17}},{"start":{},"end":{}}],"line":69},"16":{"loc":{"start":{"line":77,"column":15},"end":{"line":77,"column":48}},"type":"cond-expr","locations":[{"start":{"line":77,"column":28},"end":{"line":77,"column":39}},{"start":{"line":77,"column":42},"end":{"line":77,"column":48}}],"line":77}},"s":{"0":2,"1":2,"2":2,"3":21,"4":0,"5":21,"6":21,"7":2,"8":21,"9":21,"10":2,"11":2,"12":2,"13":0,"14":0,"15":19,"16":106,"17":106,"18":0,"19":19,"20":19,"21":19,"22":19,"23":87,"24":87,"25":87,"26":2,"27":85,"28":0,"29":85,"30":53,"31":33,"32":20,"33":53,"34":32,"35":32,"36":32,"37":17,"38":37,"39":17,"40":2},"f":{"0":21,"1":106,"2":37},"b":{"0":[0,21],"1":[2,19],"2":[2,19],"3":[2,0],"4":[2,0],"5":[2,0],"6":[0,0],"7":[106,0],"8":[19,0],"9":[2,85],"10":[87,87,86],"11":[0,85],"12":[85,49],"13":[53,32],"14":[33,20],"15":[32,0],"16":[2,15]},"_coverageSchema":"1a1c01bbd47fc00a2c39e90264f33305004495a9","hash":"f6c28e73ea50b8097823864e35f45fdb7e6787ff"}
,"/Users/kamrantadzjibov/Projects/LekiTech/LezgiNumbers/src/numToLezgi.ts": {"path":"/Users/kamrantadzjibov/Projects/LekiTech/LezgiNumbers/src/numToLezgi.ts","statementMap":{"0":{"start":{"line":2,"column":0},"end":{"line":2,"column":62}},"1":{"start":{"line":3,"column":0},"end":{"line":3,"column":28}},"2":{"start":{"line":4,"column":20},"end":{"line":4,"column":42}},"3":{"start":{"line":12,"column":4},"end":{"line":13,"column":19}},"4":{"start":{"line":13,"column":8},"end":{"line":13,"column":19}},"5":{"start":{"line":14,"column":16},"end":{"line":14,"column":18}},"6":{"start":{"line":15,"column":12},"end":{"line":15,"column":13}},"7":{"start":{"line":16,"column":4},"end":{"line":20,"column":5}},"8":{"start":{"line":17,"column":8},"end":{"line":17,"column":34}},"9":{"start":{"line":18,"column":8},"end":{"line":18,"column":31}},"10":{"start":{"line":19,"column":8},"end":{"line":19,"column":16}},"11":{"start":{"line":21,"column":19},"end":{"line":21,"column":52}},"12":{"start":{"line":22,"column":4},"end":{"line":22,"column":18}},"13":{"start":{"line":24,"column":15},"end":{"line":34,"column":1}},"14":{"start":{"line":36,"column":17},"end":{"line":36,"column":19}},"15":{"start":{"line":37,"column":4},"end":{"line":49,"column":5}},"16":{"start":{"line":38,"column":18},"end":{"line":43,"column":13}},"17":{"start":{"line":39,"column":12},"end":{"line":41,"column":13}},"18":{"start":{"line":40,"column":16},"end":{"line":40,"column":33}},"19":{"start":{"line":42,"column":12},"end":{"line":42,"column":23}},"20":{"start":{"line":44,"column":8},"end":{"line":46,"column":9}},"21":{"start":{"line":45,"column":12},"end":{"line":45,"column":29}},"22":{"start":{"line":48,"column":8},"end":{"line":48,"column":73}},"23":{"start":{"line":48,"column":34},"end":{"line":48,"column":71}},"24":{"start":{"line":51,"column":4},"end":{"line":51,"column":32}},"25":{"start":{"line":52,"column":4},"end":{"line":52,"column":18}},"26":{"start":{"line":55,"column":4},"end":{"line":57,"column":5}},"27":{"start":{"line":56,"column":8},"end":{"line":56,"column":42}},"28":{"start":{"line":58,"column":4},"end":{"line":60,"column":5}},"29":{"start":{"line":59,"column":8},"end":{"line":59,"column":38}},"30":{"start":{"line":61,"column":19},"end":{"line":61,"column":54}},"31":{"start":{"line":62,"column":4},"end":{"line":67,"column":5}},"32":{"start":{"line":63,"column":8},"end":{"line":63,"column":28}},"33":{"start":{"line":65,"column":9},"end":{"line":67,"column":5}},"34":{"start":{"line":66,"column":8},"end":{"line":66,"column":28}},"35":{"start":{"line":68,"column":4},"end":{"line":68,"column":24}},"36":{"start":{"line":71,"column":4},"end":{"line":71,"column":59}},"37":{"start":{"line":74,"column":4},"end":{"line":74,"column":61}},"38":{"start":{"line":77,"column":4},"end":{"line":77,"column":80}},"39":{"start":{"line":80,"column":4},"end":{"line":80,"column":61}},"40":{"start":{"line":83,"column":4},"end":{"line":83,"column":120}},"41":{"start":{"line":86,"column":4},"end":{"line":86,"column":59}},"42":{"start":{"line":89,"column":4},"end":{"line":89,"column":120}},"43":{"start":{"line":92,"column":4},"end":{"line":92,"column":60}},"44":{"start":{"line":95,"column":4},"end":{"line":95,"column":87}},"45":{"start":{"line":98,"column":4},"end":{"line":98,"column":101}},"46":{"start":{"line":101,"column":26},"end":{"line":101,"column":72}},"47":{"start":{"line":102,"column":33},"end":{"line":102,"column":70}},"48":{"start":{"line":103,"column":4},"end":{"line":103,"column":81}},"49":{"start":{"line":106,"column":4},"end":{"line":106,"column":90}},"50":{"start":{"line":109,"column":27},"end":{"line":109,"column":76}},"51":{"start":{"line":110,"column":34},"end":{"line":110,"column":103}},"52":{"start":{"line":111,"column":4},"end":{"line":111,"column":83}},"53":{"start":{"line":114,"column":4},"end":{"line":114,"column":135}},"54":{"start":{"line":117,"column":26},"end":{"line":117,"column":120}},"55":{"start":{"line":118,"column":33},"end":{"line":118,"column":100}},"56":{"start":{"line":119,"column":4},"end":{"line":119,"column":81}},"57":{"start":{"line":122,"column":4},"end":{"line":122,"column":135}},"58":{"start":{"line":125,"column":26},"end":{"line":125,"column":120}},"59":{"start":{"line":126,"column":33},"end":{"line":126,"column":100}},"60":{"start":{"line":127,"column":4},"end":{"line":127,"column":81}},"61":{"start":{"line":130,"column":4},"end":{"line":130,"column":138}},"62":{"start":{"line":133,"column":27},"end":{"line":133,"column":124}},"63":{"start":{"line":134,"column":34},"end":{"line":134,"column":103}},"64":{"start":{"line":135,"column":4},"end":{"line":135,"column":83}},"65":{"start":{"line":138,"column":4},"end":{"line":138,"column":147}},"66":{"start":{"line":141,"column":30},"end":{"line":141,"column":136}},"67":{"start":{"line":142,"column":37},"end":{"line":142,"column":112}},"68":{"start":{"line":143,"column":4},"end":{"line":143,"column":89}},"69":{"start":{"line":146,"column":4},"end":{"line":146,"column":147}},"70":{"start":{"line":149,"column":30},"end":{"line":149,"column":136}},"71":{"start":{"line":150,"column":37},"end":{"line":150,"column":112}},"72":{"start":{"line":151,"column":4},"end":{"line":151,"column":89}},"73":{"start":{"line":154,"column":4},"end":{"line":154,"column":144}},"74":{"start":{"line":157,"column":29},"end":{"line":157,"column":132}},"75":{"start":{"line":158,"column":36},"end":{"line":158,"column":109}},"76":{"start":{"line":159,"column":4},"end":{"line":159,"column":87}},"77":{"start":{"line":162,"column":4},"end":{"line":162,"column":144}},"78":{"start":{"line":165,"column":29},"end":{"line":165,"column":132}},"79":{"start":{"line":166,"column":36},"end":{"line":166,"column":109}},"80":{"start":{"line":167,"column":4},"end":{"line":167,"column":87}},"81":{"start":{"line":170,"column":4},"end":{"line":170,"column":141}},"82":{"start":{"line":173,"column":28},"end":{"line":173,"column":128}},"83":{"start":{"line":174,"column":35},"end":{"line":174,"column":106}},"84":{"start":{"line":175,"column":4},"end":{"line":175,"column":85}},"85":{"start":{"line":178,"column":4},"end":{"line":178,"column":141}},"86":{"start":{"line":181,"column":18},"end":{"line":181,"column":46}},"87":{"start":{"line":182,"column":19},"end":{"line":284,"column":6}},"88":{"start":{"line":183,"column":8},"end":{"line":191,"column":9}},"89":{"start":{"line":190,"column":12},"end":{"line":190,"column":50}},"90":{"start":{"line":192,"column":31},"end":{"line":192,"column":84}},"91":{"start":{"line":192,"column":71},"end":{"line":192,"column":80}},"92":{"start":{"line":193,"column":8},"end":{"line":195,"column":9}},"93":{"start":{"line":194,"column":12},"end":{"line":194,"column":57}},"94":{"start":{"line":196,"column":8},"end":{"line":198,"column":9}},"95":{"start":{"line":197,"column":12},"end":{"line":197,"column":60}},"96":{"start":{"line":199,"column":8},"end":{"line":201,"column":9}},"97":{"start":{"line":200,"column":12},"end":{"line":200,"column":60}},"98":{"start":{"line":202,"column":8},"end":{"line":204,"column":9}},"99":{"start":{"line":203,"column":12},"end":{"line":203,"column":60}},"100":{"start":{"line":205,"column":8},"end":{"line":207,"column":9}},"101":{"start":{"line":206,"column":12},"end":{"line":206,"column":59}},"102":{"start":{"line":208,"column":8},"end":{"line":210,"column":9}},"103":{"start":{"line":209,"column":12},"end":{"line":209,"column":59}},"104":{"start":{"line":211,"column":8},"end":{"line":213,"column":9}},"105":{"start":{"line":212,"column":12},"end":{"line":212,"column":61}},"106":{"start":{"line":214,"column":8},"end":{"line":216,"column":9}},"107":{"start":{"line":215,"column":12},"end":{"line":215,"column":60}},"108":{"start":{"line":217,"column":8},"end":{"line":219,"column":9}},"109":{"start":{"line":218,"column":12},"end":{"line":218,"column":60}},"110":{"start":{"line":220,"column":8},"end":{"line":222,"column":9}},"111":{"start":{"line":221,"column":12},"end":{"line":221,"column":61}},"112":{"start":{"line":223,"column":8},"end":{"line":225,"column":9}},"113":{"start":{"line":224,"column":12},"end":{"line":224,"column":70}},"114":{"start":{"line":226,"column":8},"end":{"line":228,"column":9}},"115":{"start":{"line":227,"column":12},"end":{"line":227,"column":62}},"116":{"start":{"line":229,"column":8},"end":{"line":231,"column":9}},"117":{"start":{"line":230,"column":12},"end":{"line":230,"column":70}},"118":{"start":{"line":232,"column":8},"end":{"line":234,"column":9}},"119":{"start":{"line":233,"column":12},"end":{"line":233,"column":61}},"120":{"start":{"line":235,"column":8},"end":{"line":237,"column":9}},"121":{"start":{"line":236,"column":12},"end":{"line":236,"column":69}},"122":{"start":{"line":238,"column":8},"end":{"line":240,"column":9}},"123":{"start":{"line":239,"column":12},"end":{"line":239,"column":61}},"124":{"start":{"line":241,"column":8},"end":{"line":243,"column":9}},"125":{"start":{"line":242,"column":12},"end":{"line":242,"column":70}},"126":{"start":{"line":244,"column":8},"end":{"line":246,"column":9}},"127":{"start":{"line":245,"column":12},"end":{"line":245,"column":62}},"128":{"start":{"line":247,"column":8},"end":{"line":249,"column":9}},"129":{"start":{"line":248,"column":12},"end":{"line":248,"column":74}},"130":{"start":{"line":250,"column":8},"end":{"line":252,"column":9}},"131":{"start":{"line":251,"column":12},"end":{"line":251,"column":65}},"132":{"start":{"line":253,"column":8},"end":{"line":255,"column":9}},"133":{"start":{"line":254,"column":12},"end":{"line":254,"column":77}},"134":{"start":{"line":256,"column":8},"end":{"line":258,"column":9}},"135":{"start":{"line":257,"column":12},"end":{"line":257,"column":65}},"136":{"start":{"line":259,"column":8},"end":{"line":261,"column":9}},"137":{"start":{"line":260,"column":12},"end":{"line":260,"column":76}},"138":{"start":{"line":262,"column":8},"end":{"line":264,"column":9}},"139":{"start":{"line":263,"column":12},"end":{"line":263,"column":64}},"140":{"start":{"line":265,"column":8},"end":{"line":267,"column":9}},"141":{"start":{"line":266,"column":12},"end":{"line":266,"column":75}},"142":{"start":{"line":268,"column":8},"end":{"line":270,"column":9}},"143":{"start":{"line":269,"column":12},"end":{"line":269,"column":64}},"144":{"start":{"line":271,"column":8},"end":{"line":273,"column":9}},"145":{"start":{"line":272,"column":12},"end":{"line":272,"column":74}},"146":{"start":{"line":274,"column":8},"end":{"line":276,"column":9}},"147":{"start":{"line":275,"column":12},"end":{"line":275,"column":63}},"148":{"start":{"line":277,"column":8},"end":{"line":279,"column":9}},"149":{"start":{"line":278,"column":12},"end":{"line":278,"column":73}},"150":{"start":{"line":280,"column":8},"end":{"line":282,"column":9}},"151":{"start":{"line":281,"column":12},"end":{"line":281,"column":63}},"152":{"start":{"line":283,"column":8},"end":{"line":283,"column":103}},"153":{"start":{"line":285,"column":4},"end":{"line":285,"column":56}},"154":{"start":{"line":288,"column":4},"end":{"line":293,"column":5}},"155":{"start":{"line":289,"column":8},"end":{"line":289,"column":39}},"156":{"start":{"line":292,"column":8},"end":{"line":292,"column":32}},"157":{"start":{"line":304,"column":4},"end":{"line":306,"column":5}},"158":{"start":{"line":305,"column":8},"end":{"line":305,"column":58}},"159":{"start":{"line":307,"column":4},"end":{"line":309,"column":5}},"160":{"start":{"line":308,"column":8},"end":{"line":308,"column":101}},"161":{"start":{"line":310,"column":23},"end":{"line":310,"column":30}},"162":{"start":{"line":311,"column":4},"end":{"line":311,"column":24}},"163":{"start":{"line":312,"column":19},"end":{"line":312,"column":43}},"164":{"start":{"line":313,"column":4},"end":{"line":313,"column":66}},"165":{"start":{"line":315,"column":0},"end":{"line":315,"column":32}}},"fnMap":{"0":{"name":"separateNumberIntoUnits","decl":{"start":{"line":11,"column":9},"end":{"line":11,"column":32}},"loc":{"start":{"line":11,"column":36},"end":{"line":23,"column":1}},"line":11},"1":{"name":"groupNumberUnitsToLezgiRange","decl":{"start":{"line":35,"column":9},"end":{"line":35,"column":37}},"loc":{"start":{"line":35,"column":43},"end":{"line":53,"column":1}},"line":35},"2":{"name":"(anonymous_2)","decl":{"start":{"line":38,"column":29},"end":{"line":38,"column":30}},"loc":{"start":{"line":38,"column":43},"end":{"line":43,"column":9}},"line":38},"3":{"name":"(anonymous_3)","decl":{"start":{"line":48,"column":25},"end":{"line":48,"column":26}},"loc":{"start":{"line":48,"column":34},"end":{"line":48,"column":71}},"line":48},"4":{"name":"getTenPlusBase","decl":{"start":{"line":54,"column":9},"end":{"line":54,"column":23}},"loc":{"start":{"line":54,"column":29},"end":{"line":69,"column":1}},"line":54},"5":{"name":"getTwentyPlusBase","decl":{"start":{"line":70,"column":9},"end":{"line":70,"column":26}},"loc":{"start":{"line":70,"column":32},"end":{"line":72,"column":1}},"line":70},"6":{"name":"getThirtyPlusBase","decl":{"start":{"line":73,"column":9},"end":{"line":73,"column":26}},"loc":{"start":{"line":73,"column":32},"end":{"line":75,"column":1}},"line":73},"7":{"name":"getFourtyPlusBase","decl":{"start":{"line":76,"column":9},"end":{"line":76,"column":26}},"loc":{"start":{"line":76,"column":32},"end":{"line":78,"column":1}},"line":76},"8":{"name":"getFiftyPlusBase","decl":{"start":{"line":79,"column":9},"end":{"line":79,"column":25}},"loc":{"start":{"line":79,"column":31},"end":{"line":81,"column":1}},"line":79},"9":{"name":"getSixtyPlusBase","decl":{"start":{"line":82,"column":9},"end":{"line":82,"column":25}},"loc":{"start":{"line":82,"column":31},"end":{"line":84,"column":1}},"line":82},"10":{"name":"getSeventyPlusBase","decl":{"start":{"line":85,"column":9},"end":{"line":85,"column":27}},"loc":{"start":{"line":85,"column":33},"end":{"line":87,"column":1}},"line":85},"11":{"name":"getEightyPlusBase","decl":{"start":{"line":88,"column":9},"end":{"line":88,"column":26}},"loc":{"start":{"line":88,"column":32},"end":{"line":90,"column":1}},"line":88},"12":{"name":"getNinetyPlusBase","decl":{"start":{"line":91,"column":9},"end":{"line":91,"column":26}},"loc":{"start":{"line":91,"column":32},"end":{"line":93,"column":1}},"line":91},"13":{"name":"getHundredPlusBase","decl":{"start":{"line":94,"column":9},"end":{"line":94,"column":27}},"loc":{"start":{"line":94,"column":33},"end":{"line":96,"column":1}},"line":94},"14":{"name":"getHundredPlusNumCount","decl":{"start":{"line":97,"column":9},"end":{"line":97,"column":31}},"loc":{"start":{"line":97,"column":42},"end":{"line":99,"column":1}},"line":97},"15":{"name":"getBetweenHundredAndThousand","decl":{"start":{"line":100,"column":9},"end":{"line":100,"column":37}},"loc":{"start":{"line":100,"column":59},"end":{"line":104,"column":1}},"line":100},"16":{"name":"getThousandPlusBase","decl":{"start":{"line":105,"column":9},"end":{"line":105,"column":28}},"loc":{"start":{"line":105,"column":34},"end":{"line":107,"column":1}},"line":105},"17":{"name":"getBetweenThousandAndMillion","decl":{"start":{"line":108,"column":9},"end":{"line":108,"column":37}},"loc":{"start":{"line":108,"column":59},"end":{"line":112,"column":1}},"line":108},"18":{"name":"getMillionPlusBase","decl":{"start":{"line":113,"column":9},"end":{"line":113,"column":27}},"loc":{"start":{"line":113,"column":33},"end":{"line":115,"column":1}},"line":113},"19":{"name":"getBetweenMillionAndBillion","decl":{"start":{"line":116,"column":9},"end":{"line":116,"column":36}},"loc":{"start":{"line":116,"column":58},"end":{"line":120,"column":1}},"line":116},"20":{"name":"getBillionPlusBase","decl":{"start":{"line":121,"column":9},"end":{"line":121,"column":27}},"loc":{"start":{"line":121,"column":33},"end":{"line":123,"column":1}},"line":121},"21":{"name":"getBetweenBillionAndTrillion","decl":{"start":{"line":124,"column":9},"end":{"line":124,"column":37}},"loc":{"start":{"line":124,"column":59},"end":{"line":128,"column":1}},"line":124},"22":{"name":"getTrillionPlusBase","decl":{"start":{"line":129,"column":9},"end":{"line":129,"column":28}},"loc":{"start":{"line":129,"column":34},"end":{"line":131,"column":1}},"line":129},"23":{"name":"getBetweenTrillionAndQuadrillion","decl":{"start":{"line":132,"column":9},"end":{"line":132,"column":41}},"loc":{"start":{"line":132,"column":63},"end":{"line":136,"column":1}},"line":132},"24":{"name":"getQuadrillionPlusBase","decl":{"start":{"line":137,"column":9},"end":{"line":137,"column":31}},"loc":{"start":{"line":137,"column":37},"end":{"line":139,"column":1}},"line":137},"25":{"name":"getBetweenQuadrillionAndQuintillion","decl":{"start":{"line":140,"column":9},"end":{"line":140,"column":44}},"loc":{"start":{"line":140,"column":66},"end":{"line":144,"column":1}},"line":140},"26":{"name":"getQuintillionPlusBase","decl":{"start":{"line":145,"column":9},"end":{"line":145,"column":31}},"loc":{"start":{"line":145,"column":37},"end":{"line":147,"column":1}},"line":145},"27":{"name":"getBetweenQuintillionAndSextillion","decl":{"start":{"line":148,"column":9},"end":{"line":148,"column":43}},"loc":{"start":{"line":148,"column":65},"end":{"line":152,"column":1}},"line":148},"28":{"name":"getSextillionPlusBase","decl":{"start":{"line":153,"column":9},"end":{"line":153,"column":30}},"loc":{"start":{"line":153,"column":36},"end":{"line":155,"column":1}},"line":153},"29":{"name":"getBetweenSextillionAndSeptillion","decl":{"start":{"line":156,"column":9},"end":{"line":156,"column":42}},"loc":{"start":{"line":156,"column":64},"end":{"line":160,"column":1}},"line":156},"30":{"name":"getSeptillionPlusBase","decl":{"start":{"line":161,"column":9},"end":{"line":161,"column":30}},"loc":{"start":{"line":161,"column":36},"end":{"line":163,"column":1}},"line":161},"31":{"name":"getBetweenSeptillionAndOctillion","decl":{"start":{"line":164,"column":9},"end":{"line":164,"column":41}},"loc":{"start":{"line":164,"column":63},"end":{"line":168,"column":1}},"line":164},"32":{"name":"getOctillionPlusBase","decl":{"start":{"line":169,"column":9},"end":{"line":169,"column":29}},"loc":{"start":{"line":169,"column":35},"end":{"line":171,"column":1}},"line":169},"33":{"name":"getBetweenOctillionAndNonillion","decl":{"start":{"line":172,"column":9},"end":{"line":172,"column":40}},"loc":{"start":{"line":172,"column":62},"end":{"line":176,"column":1}},"line":172},"34":{"name":"getNonillionPlusBase","decl":{"start":{"line":177,"column":9},"end":{"line":177,"column":29}},"loc":{"start":{"line":177,"column":35},"end":{"line":179,"column":1}},"line":177},"35":{"name":"getCompound","decl":{"start":{"line":180,"column":9},"end":{"line":180,"column":20}},"loc":{"start":{"line":180,"column":26},"end":{"line":286,"column":1}},"line":180},"36":{"name":"(anonymous_36)","decl":{"start":{"line":182,"column":29},"end":{"line":182,"column":30}},"loc":{"start":{"line":182,"column":42},"end":{"line":284,"column":5}},"line":182},"37":{"name":"(anonymous_37)","decl":{"start":{"line":192,"column":57},"end":{"line":192,"column":58}},"loc":{"start":{"line":192,"column":71},"end":{"line":192,"column":80}},"line":192},"38":{"name":"getAtomicOrCompound","decl":{"start":{"line":287,"column":9},"end":{"line":287,"column":28}},"loc":{"start":{"line":287,"column":34},"end":{"line":294,"column":1}},"line":287},"39":{"name":"numToLezgi","decl":{"start":{"line":303,"column":9},"end":{"line":303,"column":19}},"loc":{"start":{"line":303,"column":25},"end":{"line":314,"column":1}},"line":303}},"branchMap":{"0":{"loc":{"start":{"line":12,"column":4},"end":{"line":13,"column":19}},"type":"if","locations":[{"start":{"line":12,"column":4},"end":{"line":13,"column":19}},{"start":{},"end":{}}],"line":12},"1":{"loc":{"start":{"line":39,"column":12},"end":{"line":41,"column":13}},"type":"if","locations":[{"start":{"line":39,"column":12},"end":{"line":41,"column":13}},{"start":{},"end":{}}],"line":39},"2":{"loc":{"start":{"line":39,"column":16},"end":{"line":39,"column":53}},"type":"binary-expr","locations":[{"start":{"line":39,"column":16},"end":{"line":39,"column":34}},{"start":{"line":39,"column":38},"end":{"line":39,"column":53}}],"line":39},"3":{"loc":{"start":{"line":44,"column":8},"end":{"line":46,"column":9}},"type":"if","locations":[{"start":{"line":44,"column":8},"end":{"line":46,"column":9}},{"start":{},"end":{}}],"line":44},"4":{"loc":{"start":{"line":48,"column":34},"end":{"line":48,"column":71}},"type":"binary-expr","locations":[{"start":{"line":48,"column":34},"end":{"line":48,"column":51}},{"start":{"line":48,"column":55},"end":{"line":48,"column":71}}],"line":48},"5":{"loc":{"start":{"line":55,"column":4},"end":{"line":57,"column":5}},"type":"if","locations":[{"start":{"line":55,"column":4},"end":{"line":57,"column":5}},{"start":{},"end":{}}],"line":55},"6":{"loc":{"start":{"line":55,"column":8},"end":{"line":55,"column":29}},"type":"binary-expr","locations":[{"start":{"line":55,"column":8},"end":{"line":55,"column":16}},{"start":{"line":55,"column":20},"end":{"line":55,"column":29}}],"line":55},"7":{"loc":{"start":{"line":58,"column":4},"end":{"line":60,"column":5}},"type":"if","locations":[{"start":{"line":58,"column":4},"end":{"line":60,"column":5}},{"start":{},"end":{}}],"line":58},"8":{"loc":{"start":{"line":62,"column":4},"end":{"line":67,"column":5}},"type":"if","locations":[{"start":{"line":62,"column":4},"end":{"line":67,"column":5}},{"start":{"line":65,"column":9},"end":{"line":67,"column":5}}],"line":62},"9":{"loc":{"start":{"line":62,"column":8},"end":{"line":62,"column":46}},"type":"binary-expr","locations":[{"start":{"line":62,"column":8},"end":{"line":62,"column":18}},{"start":{"line":62,"column":22},"end":{"line":62,"column":32}},{"start":{"line":62,"column":36},"end":{"line":62,"column":46}}],"line":62},"10":{"loc":{"start":{"line":65,"column":9},"end":{"line":67,"column":5}},"type":"if","locations":[{"start":{"line":65,"column":9},"end":{"line":67,"column":5}},{"start":{},"end":{}}],"line":65},"11":{"loc":{"start":{"line":71,"column":11},"end":{"line":71,"column":58}},"type":"cond-expr","locations":[{"start":{"line":71,"column":24},"end":{"line":71,"column":46}},{"start":{"line":71,"column":49},"end":{"line":71,"column":58}}],"line":71},"12":{"loc":{"start":{"line":77,"column":11},"end":{"line":77,"column":79}},"type":"cond-expr","locations":[{"start":{"line":77,"column":24},"end":{"line":77,"column":46}},{"start":{"line":77,"column":49},"end":{"line":77,"column":79}}],"line":77},"13":{"loc":{"start":{"line":83,"column":11},"end":{"line":83,"column":119}},"type":"cond-expr","locations":[{"start":{"line":83,"column":24},"end":{"line":83,"column":70}},{"start":{"line":83,"column":73},"end":{"line":83,"column":119}}],"line":83},"14":{"loc":{"start":{"line":89,"column":11},"end":{"line":89,"column":119}},"type":"cond-expr","locations":[{"start":{"line":89,"column":24},"end":{"line":89,"column":70}},{"start":{"line":89,"column":73},"end":{"line":89,"column":119}}],"line":89},"15":{"loc":{"start":{"line":95,"column":11},"end":{"line":95,"column":86}},"type":"cond-expr","locations":[{"start":{"line":95,"column":29},"end":{"line":95,"column":52}},{"start":{"line":95,"column":55},"end":{"line":95,"column":86}}],"line":95},"16":{"loc":{"start":{"line":98,"column":11},"end":{"line":98,"column":100}},"type":"cond-expr","locations":[{"start":{"line":98,"column":28},"end":{"line":98,"column":69}},{"start":{"line":98,"column":72},"end":{"line":98,"column":100}}],"line":98},"17":{"loc":{"start":{"line":101,"column":26},"end":{"line":101,"column":72}},"type":"cond-expr","locations":[{"start":{"line":101,"column":43},"end":{"line":101,"column":60}},{"start":{"line":101,"column":63},"end":{"line":101,"column":72}}],"line":101},"18":{"loc":{"start":{"line":106,"column":11},"end":{"line":106,"column":89}},"type":"cond-expr","locations":[{"start":{"line":106,"column":30},"end":{"line":106,"column":54}},{"start":{"line":106,"column":57},"end":{"line":106,"column":89}}],"line":106},"19":{"loc":{"start":{"line":109,"column":27},"end":{"line":109,"column":76}},"type":"cond-expr","locations":[{"start":{"line":109,"column":45},"end":{"line":109,"column":63}},{"start":{"line":109,"column":66},"end":{"line":109,"column":76}}],"line":109},"20":{"loc":{"start":{"line":110,"column":34},"end":{"line":110,"column":103}},"type":"binary-expr","locations":[{"start":{"line":110,"column":34},"end":{"line":110,"column":72}},{"start":{"line":110,"column":76},"end":{"line":110,"column":103}}],"line":110},"21":{"loc":{"start":{"line":114,"column":11},"end":{"line":114,"column":134}},"type":"cond-expr","locations":[{"start":{"line":114,"column":45},"end":{"line":114,"column":84}},{"start":{"line":114,"column":87},"end":{"line":114,"column":134}}],"line":114},"22":{"loc":{"start":{"line":117,"column":26},"end":{"line":117,"column":120}},"type":"cond-expr","locations":[{"start":{"line":117,"column":59},"end":{"line":117,"column":92}},{"start":{"line":117,"column":95},"end":{"line":117,"column":120}}],"line":117},"23":{"loc":{"start":{"line":118,"column":33},"end":{"line":118,"column":100}},"type":"binary-expr","locations":[{"start":{"line":118,"column":33},"end":{"line":118,"column":70}},{"start":{"line":118,"column":74},"end":{"line":118,"column":100}}],"line":118},"24":{"loc":{"start":{"line":122,"column":11},"end":{"line":122,"column":134}},"type":"cond-expr","locations":[{"start":{"line":122,"column":45},"end":{"line":122,"column":84}},{"start":{"line":122,"column":87},"end":{"line":122,"column":134}}],"line":122},"25":{"loc":{"start":{"line":125,"column":26},"end":{"line":125,"column":120}},"type":"cond-expr","locations":[{"start":{"line":125,"column":59},"end":{"line":125,"column":92}},{"start":{"line":125,"column":95},"end":{"line":125,"column":120}}],"line":125},"26":{"loc":{"start":{"line":126,"column":33},"end":{"line":126,"column":100}},"type":"binary-expr","locations":[{"start":{"line":126,"column":33},"end":{"line":126,"column":70}},{"start":{"line":126,"column":74},"end":{"line":126,"column":100}}],"line":126},"27":{"loc":{"start":{"line":130,"column":11},"end":{"line":130,"column":137}},"type":"cond-expr","locations":[{"start":{"line":130,"column":46},"end":{"line":130,"column":86}},{"start":{"line":130,"column":89},"end":{"line":130,"column":137}}],"line":130},"28":{"loc":{"start":{"line":133,"column":27},"end":{"line":133,"column":124}},"type":"cond-expr","locations":[{"start":{"line":133,"column":61},"end":{"line":133,"column":95}},{"start":{"line":133,"column":98},"end":{"line":133,"column":124}}],"line":133},"29":{"loc":{"start":{"line":134,"column":34},"end":{"line":134,"column":103}},"type":"binary-expr","locations":[{"start":{"line":134,"column":34},"end":{"line":134,"column":72}},{"start":{"line":134,"column":76},"end":{"line":134,"column":103}}],"line":134},"30":{"loc":{"start":{"line":138,"column":11},"end":{"line":138,"column":146}},"type":"cond-expr","locations":[{"start":{"line":138,"column":49},"end":{"line":138,"column":92}},{"start":{"line":138,"column":95},"end":{"line":138,"column":146}}],"line":138},"31":{"loc":{"start":{"line":141,"column":30},"end":{"line":141,"column":136}},"type":"cond-expr","locations":[{"start":{"line":141,"column":67},"end":{"line":141,"column":104}},{"start":{"line":141,"column":107},"end":{"line":141,"column":136}}],"line":141},"32":{"loc":{"start":{"line":142,"column":37},"end":{"line":142,"column":112}},"type":"binary-expr","locations":[{"start":{"line":142,"column":37},"end":{"line":142,"column":78}},{"start":{"line":142,"column":82},"end":{"line":142,"column":112}}],"line":142},"33":{"loc":{"start":{"line":146,"column":11},"end":{"line":146,"column":146}},"type":"cond-expr","locations":[{"start":{"line":146,"column":49},"end":{"line":146,"column":92}},{"start":{"line":146,"column":95},"end":{"line":146,"column":146}}],"line":146},"34":{"loc":{"start":{"line":149,"column":30},"end":{"line":149,"column":136}},"type":"cond-expr","locations":[{"start":{"line":149,"column":67},"end":{"line":149,"column":104}},{"start":{"line":149,"column":107},"end":{"line":149,"column":136}}],"line":149},"35":{"loc":{"start":{"line":150,"column":37},"end":{"line":150,"column":112}},"type":"binary-expr","locations":[{"start":{"line":150,"column":37},"end":{"line":150,"column":78}},{"start":{"line":150,"column":82},"end":{"line":150,"column":112}}],"line":150},"36":{"loc":{"start":{"line":154,"column":11},"end":{"line":154,"column":143}},"type":"cond-expr","locations":[{"start":{"line":154,"column":48},"end":{"line":154,"column":90}},{"start":{"line":154,"column":93},"end":{"line":154,"column":143}}],"line":154},"37":{"loc":{"start":{"line":157,"column":29},"end":{"line":157,"column":132}},"type":"cond-expr","locations":[{"start":{"line":157,"column":65},"end":{"line":157,"column":101}},{"start":{"line":157,"column":104},"end":{"line":157,"column":132}}],"line":157},"38":{"loc":{"start":{"line":158,"column":36},"end":{"line":158,"column":109}},"type":"binary-expr","locations":[{"start":{"line":158,"column":36},"end":{"line":158,"column":76}},{"start":{"line":158,"column":80},"end":{"line":158,"column":109}}],"line":158},"39":{"loc":{"start":{"line":162,"column":11},"end":{"line":162,"column":143}},"type":"cond-expr","locations":[{"start":{"line":162,"column":48},"end":{"line":162,"column":90}},{"start":{"line":162,"column":93},"end":{"line":162,"column":143}}],"line":162},"40":{"loc":{"start":{"line":165,"column":29},"end":{"line":165,"column":132}},"type":"cond-expr","locations":[{"start":{"line":165,"column":65},"end":{"line":165,"column":101}},{"start":{"line":165,"column":104},"end":{"line":165,"column":132}}],"line":165},"41":{"loc":{"start":{"line":166,"column":36},"end":{"line":166,"column":109}},"type":"binary-expr","locations":[{"start":{"line":166,"column":36},"end":{"line":166,"column":76}},{"start":{"line":166,"column":80},"end":{"line":166,"column":109}}],"line":166},"42":{"loc":{"start":{"line":170,"column":11},"end":{"line":170,"column":140}},"type":"cond-expr","locations":[{"start":{"line":170,"column":47},"end":{"line":170,"column":88}},{"start":{"line":170,"column":91},"end":{"line":170,"column":140}}],"line":170},"43":{"loc":{"start":{"line":173,"column":28},"end":{"line":173,"column":128}},"type":"cond-expr","locations":[{"start":{"line":173,"column":63},"end":{"line":173,"column":98}},{"start":{"line":173,"column":101},"end":{"line":173,"column":128}}],"line":173},"44":{"loc":{"start":{"line":174,"column":35},"end":{"line":174,"column":106}},"type":"binary-expr","locations":[{"start":{"line":174,"column":35},"end":{"line":174,"column":74}},{"start":{"line":174,"column":78},"end":{"line":174,"column":106}}],"line":174},"45":{"loc":{"start":{"line":178,"column":11},"end":{"line":178,"column":140}},"type":"cond-expr","locations":[{"start":{"line":178,"column":47},"end":{"line":178,"column":88}},{"start":{"line":178,"column":91},"end":{"line":178,"column":140}}],"line":178},"46":{"loc":{"start":{"line":183,"column":8},"end":{"line":191,"column":9}},"type":"if","locations":[{"start":{"line":183,"column":8},"end":{"line":191,"column":9}},{"start":{},"end":{}}],"line":183},"47":{"loc":{"start":{"line":183,"column":12},"end":{"line":189,"column":36}},"type":"binary-expr","locations":[{"start":{"line":183,"column":12},"end":{"line":183,"column":17}},{"start":{"line":184,"column":12},"end":{"line":184,"column":22}},{"start":{"line":185,"column":13},"end":{"line":185,"column":32}},{"start":{"line":186,"column":16},"end":{"line":186,"column":35}},{"start":{"line":187,"column":16},"end":{"line":187,"column":35}},{"start":{"line":188,"column":16},"end":{"line":188,"column":35}},{"start":{"line":189,"column":16},"end":{"line":189,"column":35}}],"line":183},"48":{"loc":{"start":{"line":193,"column":8},"end":{"line":195,"column":9}},"type":"if","locations":[{"start":{"line":193,"column":8},"end":{"line":195,"column":9}},{"start":{},"end":{}}],"line":193},"49":{"loc":{"start":{"line":196,"column":8},"end":{"line":198,"column":9}},"type":"if","locations":[{"start":{"line":196,"column":8},"end":{"line":198,"column":9}},{"start":{},"end":{}}],"line":196},"50":{"loc":{"start":{"line":199,"column":8},"end":{"line":201,"column":9}},"type":"if","locations":[{"start":{"line":199,"column":8},"end":{"line":201,"column":9}},{"start":{},"end":{}}],"line":199},"51":{"loc":{"start":{"line":202,"column":8},"end":{"line":204,"column":9}},"type":"if","locations":[{"start":{"line":202,"column":8},"end":{"line":204,"column":9}},{"start":{},"end":{}}],"line":202},"52":{"loc":{"start":{"line":205,"column":8},"end":{"line":207,"column":9}},"type":"if","locations":[{"start":{"line":205,"column":8},"end":{"line":207,"column":9}},{"start":{},"end":{}}],"line":205},"53":{"loc":{"start":{"line":208,"column":8},"end":{"line":210,"column":9}},"type":"if","locations":[{"start":{"line":208,"column":8},"end":{"line":210,"column":9}},{"start":{},"end":{}}],"line":208},"54":{"loc":{"start":{"line":211,"column":8},"end":{"line":213,"column":9}},"type":"if","locations":[{"start":{"line":211,"column":8},"end":{"line":213,"column":9}},{"start":{},"end":{}}],"line":211},"55":{"loc":{"start":{"line":214,"column":8},"end":{"line":216,"column":9}},"type":"if","locations":[{"start":{"line":214,"column":8},"end":{"line":216,"column":9}},{"start":{},"end":{}}],"line":214},"56":{"loc":{"start":{"line":217,"column":8},"end":{"line":219,"column":9}},"type":"if","locations":[{"start":{"line":217,"column":8},"end":{"line":219,"column":9}},{"start":{},"end":{}}],"line":217},"57":{"loc":{"start":{"line":220,"column":8},"end":{"line":222,"column":9}},"type":"if","locations":[{"start":{"line":220,"column":8},"end":{"line":222,"column":9}},{"start":{},"end":{}}],"line":220},"58":{"loc":{"start":{"line":223,"column":8},"end":{"line":225,"column":9}},"type":"if","locations":[{"start":{"line":223,"column":8},"end":{"line":225,"column":9}},{"start":{},"end":{}}],"line":223},"59":{"loc":{"start":{"line":223,"column":12},"end":{"line":223,"column":37}},"type":"binary-expr","locations":[{"start":{"line":223,"column":12},"end":{"line":223,"column":22}},{"start":{"line":223,"column":26},"end":{"line":223,"column":37}}],"line":223},"60":{"loc":{"start":{"line":226,"column":8},"end":{"line":228,"column":9}},"type":"if","locations":[{"start":{"line":226,"column":8},"end":{"line":228,"column":9}},{"start":{},"end":{}}],"line":226},"61":{"loc":{"start":{"line":229,"column":8},"end":{"line":231,"column":9}},"type":"if","locations":[{"start":{"line":229,"column":8},"end":{"line":231,"column":9}},{"start":{},"end":{}}],"line":229},"62":{"loc":{"start":{"line":229,"column":12},"end":{"line":229,"column":53}},"type":"binary-expr","locations":[{"start":{"line":229,"column":12},"end":{"line":229,"column":23}},{"start":{"line":229,"column":27},"end":{"line":229,"column":53}}],"line":229},"63":{"loc":{"start":{"line":232,"column":8},"end":{"line":234,"column":9}},"type":"if","locations":[{"start":{"line":232,"column":8},"end":{"line":234,"column":9}},{"start":{},"end":{}}],"line":232},"64":{"loc":{"start":{"line":235,"column":8},"end":{"line":237,"column":9}},"type":"if","locations":[{"start":{"line":235,"column":8},"end":{"line":237,"column":9}},{"start":{},"end":{}}],"line":235},"65":{"loc":{"start":{"line":235,"column":12},"end":{"line":235,"column":68}},"type":"binary-expr","locations":[{"start":{"line":235,"column":12},"end":{"line":235,"column":38}},{"start":{"line":235,"column":42},"end":{"line":235,"column":68}}],"line":235},"66":{"loc":{"start":{"line":238,"column":8},"end":{"line":240,"column":9}},"type":"if","locations":[{"start":{"line":238,"column":8},"end":{"line":240,"column":9}},{"start":{},"end":{}}],"line":238},"67":{"loc":{"start":{"line":241,"column":8},"end":{"line":243,"column":9}},"type":"if","locations":[{"start":{"line":241,"column":8},"end":{"line":243,"column":9}},{"start":{},"end":{}}],"line":241},"68":{"loc":{"start":{"line":241,"column":12},"end":{"line":241,"column":69}},"type":"binary-expr","locations":[{"start":{"line":241,"column":12},"end":{"line":241,"column":38}},{"start":{"line":241,"column":42},"end":{"line":241,"column":69}}],"line":241},"69":{"loc":{"start":{"line":244,"column":8},"end":{"line":246,"column":9}},"type":"if","locations":[{"start":{"line":244,"column":8},"end":{"line":246,"column":9}},{"start":{},"end":{}}],"line":244},"70":{"loc":{"start":{"line":247,"column":8},"end":{"line":249,"column":9}},"type":"if","locations":[{"start":{"line":247,"column":8},"end":{"line":249,"column":9}},{"start":{},"end":{}}],"line":247},"71":{"loc":{"start":{"line":247,"column":12},"end":{"line":247,"column":73}},"type":"binary-expr","locations":[{"start":{"line":247,"column":12},"end":{"line":247,"column":39}},{"start":{"line":247,"column":43},"end":{"line":247,"column":73}}],"line":247},"72":{"loc":{"start":{"line":250,"column":8},"end":{"line":252,"column":9}},"type":"if","locations":[{"start":{"line":250,"column":8},"end":{"line":252,"column":9}},{"start":{},"end":{}}],"line":250},"73":{"loc":{"start":{"line":253,"column":8},"end":{"line":255,"column":9}},"type":"if","locations":[{"start":{"line":253,"column":8},"end":{"line":255,"column":9}},{"start":{},"end":{}}],"line":253},"74":{"loc":{"start":{"line":253,"column":12},"end":{"line":253,"column":76}},"type":"binary-expr","locations":[{"start":{"line":253,"column":12},"end":{"line":253,"column":42}},{"start":{"line":253,"column":46},"end":{"line":253,"column":76}}],"line":253},"75":{"loc":{"start":{"line":256,"column":8},"end":{"line":258,"column":9}},"type":"if","locations":[{"start":{"line":256,"column":8},"end":{"line":258,"column":9}},{"start":{},"end":{}}],"line":256},"76":{"loc":{"start":{"line":259,"column":8},"end":{"line":261,"column":9}},"type":"if","locations":[{"start":{"line":259,"column":8},"end":{"line":261,"column":9}},{"start":{},"end":{}}],"line":259},"77":{"loc":{"start":{"line":259,"column":12},"end":{"line":259,"column":75}},"type":"binary-expr","locations":[{"start":{"line":259,"column":12},"end":{"line":259,"column":42}},{"start":{"line":259,"column":46},"end":{"line":259,"column":75}}],"line":259},"78":{"loc":{"start":{"line":262,"column":8},"end":{"line":264,"column":9}},"type":"if","locations":[{"start":{"line":262,"column":8},"end":{"line":264,"column":9}},{"start":{},"end":{}}],"line":262},"79":{"loc":{"start":{"line":265,"column":8},"end":{"line":267,"column":9}},"type":"if","locations":[{"start":{"line":265,"column":8},"end":{"line":267,"column":9}},{"start":{},"end":{}}],"line":265},"80":{"loc":{"start":{"line":265,"column":12},"end":{"line":265,"column":74}},"type":"binary-expr","locations":[{"start":{"line":265,"column":12},"end":{"line":265,"column":41}},{"start":{"line":265,"column":45},"end":{"line":265,"column":74}}],"line":265},"81":{"loc":{"start":{"line":268,"column":8},"end":{"line":270,"column":9}},"type":"if","locations":[{"start":{"line":268,"column":8},"end":{"line":270,"column":9}},{"start":{},"end":{}}],"line":268},"82":{"loc":{"start":{"line":271,"column":8},"end":{"line":273,"column":9}},"type":"if","locations":[{"start":{"line":271,"column":8},"end":{"line":273,"column":9}},{"start":{},"end":{}}],"line":271},"83":{"loc":{"start":{"line":271,"column":12},"end":{"line":271,"column":73}},"type":"binary-expr","locations":[{"start":{"line":271,"column":12},"end":{"line":271,"column":41}},{"start":{"line":271,"column":45},"end":{"line":271,"column":73}}],"line":271},"84":{"loc":{"start":{"line":274,"column":8},"end":{"line":276,"column":9}},"type":"if","locations":[{"start":{"line":274,"column":8},"end":{"line":276,"column":9}},{"start":{},"end":{}}],"line":274},"85":{"loc":{"start":{"line":277,"column":8},"end":{"line":279,"column":9}},"type":"if","locations":[{"start":{"line":277,"column":8},"end":{"line":279,"column":9}},{"start":{},"end":{}}],"line":277},"86":{"loc":{"start":{"line":277,"column":12},"end":{"line":277,"column":72}},"type":"binary-expr","locations":[{"start":{"line":277,"column":12},"end":{"line":277,"column":40}},{"start":{"line":277,"column":44},"end":{"line":277,"column":72}}],"line":277},"87":{"loc":{"start":{"line":280,"column":8},"end":{"line":282,"column":9}},"type":"if","locations":[{"start":{"line":280,"column":8},"end":{"line":282,"column":9}},{"start":{},"end":{}}],"line":280},"88":{"loc":{"start":{"line":283,"column":15},"end":{"line":283,"column":102}},"type":"cond-expr","locations":[{"start":{"line":283,"column":48},"end":{"line":283,"column":50}},{"start":{"line":283,"column":53},"end":{"line":283,"column":102}}],"line":283},"89":{"loc":{"start":{"line":283,"column":15},"end":{"line":283,"column":45}},"type":"binary-expr","locations":[{"start":{"line":283,"column":15},"end":{"line":283,"column":31}},{"start":{"line":283,"column":35},"end":{"line":283,"column":45}}],"line":283},"90":{"loc":{"start":{"line":283,"column":53},"end":{"line":283,"column":102}},"type":"binary-expr","locations":[{"start":{"line":283,"column":53},"end":{"line":283,"column":83}},{"start":{"line":283,"column":87},"end":{"line":283,"column":102}}],"line":283},"91":{"loc":{"start":{"line":288,"column":4},"end":{"line":293,"column":5}},"type":"if","locations":[{"start":{"line":288,"column":4},"end":{"line":293,"column":5}},{"start":{"line":291,"column":9},"end":{"line":293,"column":5}}],"line":288},"92":{"loc":{"start":{"line":304,"column":4},"end":{"line":306,"column":5}},"type":"if","locations":[{"start":{"line":304,"column":4},"end":{"line":306,"column":5}},{"start":{},"end":{}}],"line":304},"93":{"loc":{"start":{"line":307,"column":4},"end":{"line":309,"column":5}},"type":"if","locations":[{"start":{"line":307,"column":4},"end":{"line":309,"column":5}},{"start":{},"end":{}}],"line":307},"94":{"loc":{"start":{"line":313,"column":11},"end":{"line":313,"column":65}},"type":"cond-expr","locations":[{"start":{"line":313,"column":24},"end":{"line":313,"column":56}},{"start":{"line":313,"column":59},"end":{"line":313,"column":65}}],"line":313}},"s":{"0":1,"1":1,"2":1,"3":22,"4":0,"5":22,"6":22,"7":22,"8":115,"9":115,"10":115,"11":22,"12":22,"13":1,"14":22,"15":22,"16":198,"17":996,"18":35,"19":961,"20":198,"21":21,"22":198,"23":996,"24":22,"25":22,"26":10,"27":0,"28":10,"29":0,"30":10,"31":10,"32":2,"33":8,"34":3,"35":5,"36":9,"37":1,"38":4,"39":3,"40":1,"41":0,"42":5,"43":4,"44":17,"45":29,"46":12,"47":12,"48":12,"49":9,"50":5,"51":5,"52":5,"53":5,"54":5,"55":5,"56":5,"57":3,"58":3,"59":3,"60":3,"61":2,"62":2,"63":2,"64":2,"65":2,"66":2,"67":2,"68":2,"69":0,"70":0,"71":0,"72":0,"73":0,"74":0,"75":0,"76":0,"77":0,"78":0,"79":0,"80":0,"81":0,"82":0,"83":0,"84":0,"85":0,"86":22,"87":22,"88":101,"89":3,"90":98,"91":245,"92":98,"93":2,"94":96,"95":2,"96":94,"97":1,"98":93,"99":1,"100":92,"101":3,"102":89,"103":1,"104":88,"105":0,"106":88,"107":1,"108":87,"109":4,"110":83,"111":5,"112":78,"113":12,"114":66,"115":4,"116":62,"117":5,"118":57,"119":0,"120":57,"121":5,"122":52,"123":0,"124":52,"125":3,"126":49,"127":0,"128":49,"129":2,"130":47,"131":0,"132":47,"133":2,"134":45,"135":0,"136":45,"137":0,"138":45,"139":0,"140":45,"141":0,"142":45,"143":0,"144":45,"145":0,"146":45,"147":0,"148":45,"149":0,"150":45,"151":0,"152":45,"153":22,"154":14,"155":0,"156":14,"157":27,"158":4,"159":23,"160":9,"161":14,"162":14,"163":14,"164":14,"165":1},"f":{"0":22,"1":22,"2":996,"3":996,"4":10,"5":9,"6":1,"7":4,"8":3,"9":1,"10":0,"11":5,"12":4,"13":17,"14":29,"15":12,"16":9,"17":5,"18":5,"19":5,"20":3,"21":3,"22":2,"23":2,"24":2,"25":2,"26":0,"27":0,"28":0,"29":0,"30":0,"31":0,"32":0,"33":0,"34":0,"35":22,"36":101,"37":245,"38":14,"39":27},"b":{"0":[0,22],"1":[35,961],"2":[996,35],"3":[21,177],"4":[996,35],"5":[0,10],"6":[10,10],"7":[0,10],"8":[2,8],"9":[10,8,8],"10":[3,5],"11":[1,8],"12":[1,3],"13":[0,1],"14":[0,5],"15":[1,16],"16":[6,23],"17":[0,12],"18":[1,8],"19":[0,5],"20":[5,3],"21":[1,4],"22":[0,5],"23":[5,3],"24":[0,3],"25":[0,3],"26":[3,2],"27":[0,2],"28":[0,2],"29":[2,0],"30":[0,2],"31":[0,2],"32":[2,0],"33":[0,0],"34":[0,0],"35":[0,0],"36":[0,0],"37":[0,0],"38":[0,0],"39":[0,0],"40":[0,0],"41":[0,0],"42":[0,0],"43":[0,0],"44":[0,0],"45":[0,0],"46":[3,98],"47":[101,79,4,3,2,1,1],"48":[2,96],"49":[2,94],"50":[1,93],"51":[1,92],"52":[3,89],"53":[1,88],"54":[0,88],"55":[1,87],"56":[4,83],"57":[5,78],"58":[12,66],"59":[78,33],"60":[4,62],"61":[5,57],"62":[62,17],"63":[0,57],"64":[5,52],"65":[57,12],"66":[0,52],"67":[3,49],"68":[52,7],"69":[0,49],"70":[2,47],"71":[49,4],"72":[0,47],"73":[2,45],"74":[47,2],"75":[0,45],"76":[0,45],"77":[45,0],"78":[0,45],"79":[0,45],"80":[45,0],"81":[0,45],"82":[0,45],"83":[45,0],"84":[0,45],"85":[0,45],"86":[45,0],"87":[0,45],"88":[31,14],"89":[45,45],"90":[14,0],"91":[0,14],"92":[4,23],"93":[9,14],"94":[1,13]},"_coverageSchema":"1a1c01bbd47fc00a2c39e90264f33305004495a9","hash":"224554fe721970e8f2b2689a31bb42bc0df3c447"}
}
