{"/Users/kamrantadzjibov/Projects/LekiTech/LezgiNumbers/src/constants.ts": {"path":"/Users/kamrantadzjibov/Projects/LekiTech/LezgiNumbers/src/constants.ts","statementMap":{"0":{"start":{"line":2,"column":0},"end":{"line":2,"column":62}},"1":{"start":{"line":3,"column":0},"end":{"line":3,"column":240}},"2":{"start":{"line":4,"column":0},"end":{"line":4,"column":22}},"3":{"start":{"line":5,"column":0},"end":{"line":5,"column":22}},"4":{"start":{"line":6,"column":0},"end":{"line":6,"column":24}},"5":{"start":{"line":7,"column":0},"end":{"line":7,"column":27}},"6":{"start":{"line":8,"column":0},"end":{"line":8,"column":27}},"7":{"start":{"line":9,"column":0},"end":{"line":9,"column":26}},"8":{"start":{"line":10,"column":0},"end":{"line":10,"column":26}},"9":{"start":{"line":11,"column":0},"end":{"line":11,"column":25}},"10":{"start":{"line":12,"column":0},"end":{"line":12,"column":25}},"11":{"start":{"line":13,"column":0},"end":{"line":49,"column":2}},"12":{"start":{"line":50,"column":0},"end":{"line":50,"column":24}},"13":{"start":{"line":51,"column":27},"end":{"line":51,"column":69}},"14":{"start":{"line":52,"column":28},"end":{"line":52,"column":74}},"15":{"start":{"line":53,"column":0},"end":{"line":145,"column":2}}},"fnMap":{},"branchMap":{},"s":{"0":2,"1":2,"2":2,"3":2,"4":2,"5":2,"6":2,"7":2,"8":2,"9":2,"10":2,"11":2,"12":2,"13":2,"14":2,"15":2},"f":{},"b":{},"_coverageSchema":"1a1c01bbd47fc00a2c39e90264f33305004495a9","hash":"1d15e29b1ade4ba1f94e4f7fdc47de71771b480b"}
,"/Users/kamrantadzjibov/Projects/LekiTech/LezgiNumbers/src/index.ts": {"path":"/Users/kamrantadzjibov/Projects/LekiTech/LezgiNumbers/src/index.ts","statementMap":{"0":{"start":{"line":2,"column":0},"end":{"line":2,"column":62}},"1":{"start":{"line":3,"column":0},"end":{"line":3,"column":78}},"2":{"start":{"line":4,"column":19},"end":{"line":4,"column":42}},"3":{"start":{"line":5,"column":0},"end":{"line":5,"column":121}},"4":{"start":{"line":5,"column":84},"end":{"line":5,"column":115}},"5":{"start":{"line":6,"column":19},"end":{"line":6,"column":42}},"6":{"start":{"line":7,"column":0},"end":{"line":7,"column":121}},"7":{"start":{"line":7,"column":84},"end":{"line":7,"column":115}},"8":{"start":{"line":8,"column":22},"end":{"line":8,"column":48}},"9":{"start":{"line":9,"column":0},"end":{"line":9,"column":140}},"10":{"start":{"line":9,"column":92},"end":{"line":9,"column":134}}},"fnMap":{"0":{"name":"(anonymous_0)","decl":{"start":{"line":5,"column":70},"end":{"line":5,"column":71}},"loc":{"start":{"line":5,"column":82},"end":{"line":5,"column":117}},"line":5},"1":{"name":"(anonymous_1)","decl":{"start":{"line":7,"column":70},"end":{"line":7,"column":71}},"loc":{"start":{"line":7,"column":82},"end":{"line":7,"column":117}},"line":7},"2":{"name":"(anonymous_2)","decl":{"start":{"line":9,"column":78},"end":{"line":9,"column":79}},"loc":{"start":{"line":9,"column":90},"end":{"line":9,"column":136}},"line":9}},"branchMap":{},"s":{"0":1,"1":1,"2":1,"3":1,"4":27,"5":1,"6":1,"7":0,"8":1,"9":1,"10":0},"f":{"0":27,"1":0,"2":0},"b":{},"_coverageSchema":"1a1c01bbd47fc00a2c39e90264f33305004495a9","hash":"278abc99a29ffdbe0255e257ed9f992ac6ea5482"}
,"/Users/kamrantadzjibov/Projects/LekiTech/LezgiNumbers/src/lezgiToNum.ts": {"path":"/Users/kamrantadzjibov/Projects/LekiTech/LezgiNumbers/src/lezgiToNum.ts","statementMap":{"0":{"start":{"line":2,"column":0},"end":{"line":2,"column":62}},"1":{"start":{"line":3,"column":0},"end":{"line":3,"column":28}},"2":{"start":{"line":4,"column":20},"end":{"line":4,"column":42}},"3":{"start":{"line":13,"column":4},"end":{"line":15,"column":5}},"4":{"start":{"line":14,"column":8},"end":{"line":14,"column":62}},"5":{"start":{"line":16,"column":23},"end":{"line":16,"column":61}},"6":{"start":{"line":17,"column":4},"end":{"line":19,"column":5}},"7":{"start":{"line":18,"column":8},"end":{"line":18,"column":59}},"8":{"start":{"line":20,"column":30},"end":{"line":20,"column":56}},"9":{"start":{"line":21,"column":4},"end":{"line":78,"column":5}},"10":{"start":{"line":23,"column":8},"end":{"line":31,"column":9}},"11":{"start":{"line":24,"column":12},"end":{"line":26,"column":13}},"12":{"start":{"line":25,"column":16},"end":{"line":25,"column":199}},"13":{"start":{"line":27,"column":12},"end":{"line":27,"column":113}},"14":{"start":{"line":30,"column":12},"end":{"line":30,"column":90}},"15":{"start":{"line":35,"column":35},"end":{"line":42,"column":10}},"16":{"start":{"line":36,"column":12},"end":{"line":41,"column":13}},"17":{"start":{"line":37,"column":16},"end":{"line":37,"column":58}},"18":{"start":{"line":40,"column":16},"end":{"line":40,"column":98}},"19":{"start":{"line":43,"column":37},"end":{"line":43,"column":66}},"20":{"start":{"line":44,"column":8},"end":{"line":75,"column":9}},"21":{"start":{"line":45,"column":12},"end":{"line":74,"column":13}},"22":{"start":{"line":45,"column":25},"end":{"line":45,"column":26}},"23":{"start":{"line":46,"column":33},"end":{"line":46,"column":58}},"24":{"start":{"line":47,"column":29},"end":{"line":47,"column":50}},"25":{"start":{"line":48,"column":16},"end":{"line":52,"column":17}},"26":{"start":{"line":50,"column":20},"end":{"line":51,"column":102}},"27":{"start":{"line":53,"column":16},"end":{"line":55,"column":17}},"28":{"start":{"line":54,"column":20},"end":{"line":54,"column":113}},"29":{"start":{"line":56,"column":16},"end":{"line":73,"column":17}},"30":{"start":{"line":57,"column":20},"end":{"line":66,"column":21}},"31":{"start":{"line":60,"column":24},"end":{"line":60,"column":91}},"32":{"start":{"line":65,"column":24},"end":{"line":65,"column":62}},"33":{"start":{"line":67,"column":20},"end":{"line":67,"column":29}},"34":{"start":{"line":69,"column":21},"end":{"line":73,"column":17}},"35":{"start":{"line":71,"column":20},"end":{"line":71,"column":87}},"36":{"start":{"line":72,"column":20},"end":{"line":72,"column":29}},"37":{"start":{"line":76,"column":23},"end":{"line":76,"column":80}},"38":{"start":{"line":76,"column":66},"end":{"line":76,"column":76}},"39":{"start":{"line":77,"column":8},"end":{"line":77,"column":49}},"40":{"start":{"line":80,"column":0},"end":{"line":80,"column":32}}},"fnMap":{"0":{"name":"lezgiToNum","decl":{"start":{"line":12,"column":9},"end":{"line":12,"column":19}},"loc":{"start":{"line":12,"column":30},"end":{"line":79,"column":1}},"line":12},"1":{"name":"(anonymous_1)","decl":{"start":{"line":35,"column":57},"end":{"line":35,"column":58}},"loc":{"start":{"line":35,"column":75},"end":{"line":42,"column":9}},"line":35},"2":{"name":"(anonymous_2)","decl":{"start":{"line":76,"column":51},"end":{"line":76,"column":52}},"loc":{"start":{"line":76,"column":66},"end":{"line":76,"column":76}},"line":76}},"branchMap":{"0":{"loc":{"start":{"line":13,"column":4},"end":{"line":15,"column":5}},"type":"if","locations":[{"start":{"line":13,"column":4},"end":{"line":15,"column":5}},{"start":{},"end":{}}],"line":13},"1":{"loc":{"start":{"line":17,"column":4},"end":{"line":19,"column":5}},"type":"if","locations":[{"start":{"line":17,"column":4},"end":{"line":19,"column":5}},{"start":{},"end":{}}],"line":17},"2":{"loc":{"start":{"line":21,"column":4},"end":{"line":78,"column":5}},"type":"if","locations":[{"start":{"line":21,"column":4},"end":{"line":78,"column":5}},{"start":{"line":33,"column":9},"end":{"line":78,"column":5}}],"line":21},"3":{"loc":{"start":{"line":23,"column":8},"end":{"line":31,"column":9}},"type":"if","locations":[{"start":{"line":23,"column":8},"end":{"line":31,"column":9}},{"start":{"line":29,"column":13},"end":{"line":31,"column":9}}],"line":23},"4":{"loc":{"start":{"line":24,"column":12},"end":{"line":26,"column":13}},"type":"if","locations":[{"start":{"line":24,"column":12},"end":{"line":26,"column":13}},{"start":{},"end":{}}],"line":24},"5":{"loc":{"start":{"line":25,"column":92},"end":{"line":25,"column":194}},"type":"cond-expr","locations":[{"start":{"line":25,"column":137},"end":{"line":25,"column":186}},{"start":{"line":25,"column":189},"end":{"line":25,"column":194}}],"line":25},"6":{"loc":{"start":{"line":27,"column":19},"end":{"line":27,"column":112}},"type":"cond-expr","locations":[{"start":{"line":27,"column":32},"end":{"line":27,"column":73}},{"start":{"line":27,"column":76},"end":{"line":27,"column":112}}],"line":27},"7":{"loc":{"start":{"line":36,"column":12},"end":{"line":41,"column":13}},"type":"if","locations":[{"start":{"line":36,"column":12},"end":{"line":41,"column":13}},{"start":{"line":39,"column":17},"end":{"line":41,"column":13}}],"line":36},"8":{"loc":{"start":{"line":44,"column":8},"end":{"line":75,"column":9}},"type":"if","locations":[{"start":{"line":44,"column":8},"end":{"line":75,"column":9}},{"start":{},"end":{}}],"line":44},"9":{"loc":{"start":{"line":48,"column":16},"end":{"line":52,"column":17}},"type":"if","locations":[{"start":{"line":48,"column":16},"end":{"line":52,"column":17}},{"start":{},"end":{}}],"line":48},"10":{"loc":{"start":{"line":48,"column":20},"end":{"line":49,"column":100}},"type":"binary-expr","locations":[{"start":{"line":48,"column":20},"end":{"line":48,"column":40}},{"start":{"line":49,"column":21},"end":{"line":49,"column":58}},{"start":{"line":49,"column":62},"end":{"line":49,"column":99}}],"line":48},"11":{"loc":{"start":{"line":53,"column":16},"end":{"line":55,"column":17}},"type":"if","locations":[{"start":{"line":53,"column":16},"end":{"line":55,"column":17}},{"start":{},"end":{}}],"line":53},"12":{"loc":{"start":{"line":53,"column":20},"end":{"line":53,"column":76}},"type":"binary-expr","locations":[{"start":{"line":53,"column":20},"end":{"line":53,"column":37}},{"start":{"line":53,"column":41},"end":{"line":53,"column":76}}],"line":53},"13":{"loc":{"start":{"line":56,"column":16},"end":{"line":73,"column":17}},"type":"if","locations":[{"start":{"line":56,"column":16},"end":{"line":73,"column":17}},{"start":{"line":69,"column":21},"end":{"line":73,"column":17}}],"line":56},"14":{"loc":{"start":{"line":57,"column":20},"end":{"line":66,"column":21}},"type":"if","locations":[{"start":{"line":57,"column":20},"end":{"line":66,"column":21}},{"start":{"line":62,"column":25},"end":{"line":66,"column":21}}],"line":57},"15":{"loc":{"start":{"line":69,"column":21},"end":{"line":73,"column":17}},"type":"if","locations":[{"start":{"line":69,"column":21},"end":{"line":73,"column":17}},{"start":{},"end":{}}],"line":69},"16":{"loc":{"start":{"line":77,"column":15},"end":{"line":77,"column":48}},"type":"cond-expr","locations":[{"start":{"line":77,"column":28},"end":{"line":77,"column":39}},{"start":{"line":77,"column":42},"end":{"line":77,"column":48}}],"line":77}},"s":{"0":2,"1":2,"2":2,"3":21,"4":0,"5":21,"6":21,"7":2,"8":21,"9":21,"10":2,"11":2,"12":2,"13":0,"14":0,"15":19,"16":106,"17":106,"18":0,"19":19,"20":19,"21":19,"22":19,"23":87,"24":87,"25":87,"26":2,"27":85,"28":0,"29":85,"30":53,"31":33,"32":20,"33":53,"34":32,"35":32,"36":32,"37":17,"38":37,"39":17,"40":2},"f":{"0":21,"1":106,"2":37},"b":{"0":[0,21],"1":[2,19],"2":[2,19],"3":[2,0],"4":[2,0],"5":[2,0],"6":[0,0],"7":[106,0],"8":[19,0],"9":[2,85],"10":[87,87,86],"11":[0,85],"12":[85,49],"13":[53,32],"14":[33,20],"15":[32,0],"16":[2,15]},"_coverageSchema":"1a1c01bbd47fc00a2c39e90264f33305004495a9","hash":"f6c28e73ea50b8097823864e35f45fdb7e6787ff"}
,"/Users/kamrantadzjibov/Projects/LekiTech/LezgiNumbers/src/numToLezgi.ts": {"path":"/Users/kamrantadzjibov/Projects/LekiTech/LezgiNumbers/src/numToLezgi.ts","statementMap":{"0":{"start":{"line":2,"column":0},"end":{"line":2,"column":62}},"1":{"start":{"line":3,"column":0},"end":{"line":3,"column":54}},"2":{"start":{"line":4,"column":20},"end":{"line":4,"column":42}},"3":{"start":{"line":12,"column":4},"end":{"line":13,"column":19}},"4":{"start":{"line":13,"column":8},"end":{"line":13,"column":19}},"5":{"start":{"line":14,"column":16},"end":{"line":14,"column":18}},"6":{"start":{"line":15,"column":12},"end":{"line":15,"column":13}},"7":{"start":{"line":16,"column":4},"end":{"line":20,"column":5}},"8":{"start":{"line":17,"column":8},"end":{"line":17,"column":34}},"9":{"start":{"line":18,"column":8},"end":{"line":18,"column":31}},"10":{"start":{"line":19,"column":8},"end":{"line":19,"column":16}},"11":{"start":{"line":21,"column":19},"end":{"line":21,"column":52}},"12":{"start":{"line":22,"column":4},"end":{"line":22,"column":18}},"13":{"start":{"line":24,"column":15},"end":{"line":34,"column":1}},"14":{"start":{"line":36,"column":17},"end":{"line":36,"column":19}},"15":{"start":{"line":37,"column":4},"end":{"line":49,"column":5}},"16":{"start":{"line":38,"column":18},"end":{"line":43,"column":13}},"17":{"start":{"line":39,"column":12},"end":{"line":41,"column":13}},"18":{"start":{"line":40,"column":16},"end":{"line":40,"column":33}},"19":{"start":{"line":42,"column":12},"end":{"line":42,"column":23}},"20":{"start":{"line":44,"column":8},"end":{"line":46,"column":9}},"21":{"start":{"line":45,"column":12},"end":{"line":45,"column":29}},"22":{"start":{"line":48,"column":8},"end":{"line":48,"column":73}},"23":{"start":{"line":48,"column":34},"end":{"line":48,"column":71}},"24":{"start":{"line":51,"column":4},"end":{"line":51,"column":32}},"25":{"start":{"line":52,"column":4},"end":{"line":52,"column":18}},"26":{"start":{"line":55,"column":4},"end":{"line":57,"column":5}},"27":{"start":{"line":56,"column":8},"end":{"line":56,"column":42}},"28":{"start":{"line":58,"column":4},"end":{"line":60,"column":5}},"29":{"start":{"line":59,"column":8},"end":{"line":59,"column":40}},"30":{"start":{"line":61,"column":19},"end":{"line":61,"column":54}},"31":{"start":{"line":62,"column":4},"end":{"line":67,"column":5}},"32":{"start":{"line":63,"column":8},"end":{"line":63,"column":30}},"33":{"start":{"line":65,"column":9},"end":{"line":67,"column":5}},"34":{"start":{"line":66,"column":8},"end":{"line":66,"column":30}},"35":{"start":{"line":68,"column":4},"end":{"line":68,"column":26}},"36":{"start":{"line":71,"column":4},"end":{"line":71,"column":62}},"37":{"start":{"line":74,"column":4},"end":{"line":74,"column":68}},"38":{"start":{"line":77,"column":4},"end":{"line":77,"column":82}},"39":{"start":{"line":80,"column":4},"end":{"line":80,"column":68}},"40":{"start":{"line":83,"column":4},"end":{"line":83,"column":125}},"41":{"start":{"line":86,"column":4},"end":{"line":86,"column":66}},"42":{"start":{"line":89,"column":4},"end":{"line":89,"column":125}},"43":{"start":{"line":92,"column":4},"end":{"line":92,"column":67}},"44":{"start":{"line":95,"column":4},"end":{"line":95,"column":89}},"45":{"start":{"line":98,"column":4},"end":{"line":100,"column":5}},"46":{"start":{"line":99,"column":8},"end":{"line":99,"column":109}},"47":{"start":{"line":101,"column":4},"end":{"line":101,"column":21}},"48":{"start":{"line":104,"column":26},"end":{"line":104,"column":72}},"49":{"start":{"line":105,"column":33},"end":{"line":105,"column":70}},"50":{"start":{"line":106,"column":4},"end":{"line":106,"column":87}},"51":{"start":{"line":109,"column":4},"end":{"line":109,"column":92}},"52":{"start":{"line":112,"column":27},"end":{"line":112,"column":76}},"53":{"start":{"line":113,"column":34},"end":{"line":113,"column":103}},"54":{"start":{"line":114,"column":4},"end":{"line":114,"column":89}},"55":{"start":{"line":117,"column":4},"end":{"line":117,"column":137}},"56":{"start":{"line":120,"column":26},"end":{"line":120,"column":120}},"57":{"start":{"line":121,"column":33},"end":{"line":121,"column":100}},"58":{"start":{"line":122,"column":4},"end":{"line":122,"column":87}},"59":{"start":{"line":125,"column":4},"end":{"line":125,"column":137}},"60":{"start":{"line":128,"column":26},"end":{"line":128,"column":120}},"61":{"start":{"line":129,"column":33},"end":{"line":129,"column":100}},"62":{"start":{"line":130,"column":4},"end":{"line":130,"column":87}},"63":{"start":{"line":133,"column":4},"end":{"line":133,"column":140}},"64":{"start":{"line":136,"column":27},"end":{"line":136,"column":124}},"65":{"start":{"line":137,"column":34},"end":{"line":137,"column":103}},"66":{"start":{"line":138,"column":4},"end":{"line":138,"column":89}},"67":{"start":{"line":141,"column":4},"end":{"line":141,"column":149}},"68":{"start":{"line":144,"column":30},"end":{"line":144,"column":136}},"69":{"start":{"line":145,"column":37},"end":{"line":145,"column":112}},"70":{"start":{"line":146,"column":4},"end":{"line":146,"column":95}},"71":{"start":{"line":149,"column":4},"end":{"line":149,"column":149}},"72":{"start":{"line":152,"column":30},"end":{"line":152,"column":136}},"73":{"start":{"line":153,"column":37},"end":{"line":153,"column":112}},"74":{"start":{"line":154,"column":4},"end":{"line":154,"column":95}},"75":{"start":{"line":157,"column":4},"end":{"line":157,"column":146}},"76":{"start":{"line":160,"column":29},"end":{"line":160,"column":132}},"77":{"start":{"line":161,"column":36},"end":{"line":161,"column":109}},"78":{"start":{"line":162,"column":4},"end":{"line":162,"column":93}},"79":{"start":{"line":165,"column":4},"end":{"line":165,"column":146}},"80":{"start":{"line":168,"column":29},"end":{"line":168,"column":132}},"81":{"start":{"line":169,"column":36},"end":{"line":169,"column":109}},"82":{"start":{"line":170,"column":4},"end":{"line":170,"column":93}},"83":{"start":{"line":173,"column":4},"end":{"line":173,"column":143}},"84":{"start":{"line":176,"column":28},"end":{"line":176,"column":128}},"85":{"start":{"line":177,"column":35},"end":{"line":177,"column":106}},"86":{"start":{"line":178,"column":4},"end":{"line":178,"column":91}},"87":{"start":{"line":181,"column":4},"end":{"line":181,"column":143}},"88":{"start":{"line":184,"column":18},"end":{"line":184,"column":46}},"89":{"start":{"line":185,"column":19},"end":{"line":287,"column":6}},"90":{"start":{"line":186,"column":8},"end":{"line":194,"column":9}},"91":{"start":{"line":193,"column":12},"end":{"line":193,"column":52}},"92":{"start":{"line":195,"column":31},"end":{"line":195,"column":84}},"93":{"start":{"line":195,"column":71},"end":{"line":195,"column":80}},"94":{"start":{"line":196,"column":8},"end":{"line":198,"column":9}},"95":{"start":{"line":197,"column":12},"end":{"line":197,"column":57}},"96":{"start":{"line":199,"column":8},"end":{"line":201,"column":9}},"97":{"start":{"line":200,"column":12},"end":{"line":200,"column":60}},"98":{"start":{"line":202,"column":8},"end":{"line":204,"column":9}},"99":{"start":{"line":203,"column":12},"end":{"line":203,"column":60}},"100":{"start":{"line":205,"column":8},"end":{"line":207,"column":9}},"101":{"start":{"line":206,"column":12},"end":{"line":206,"column":60}},"102":{"start":{"line":208,"column":8},"end":{"line":210,"column":9}},"103":{"start":{"line":209,"column":12},"end":{"line":209,"column":59}},"104":{"start":{"line":211,"column":8},"end":{"line":213,"column":9}},"105":{"start":{"line":212,"column":12},"end":{"line":212,"column":59}},"106":{"start":{"line":214,"column":8},"end":{"line":216,"column":9}},"107":{"start":{"line":215,"column":12},"end":{"line":215,"column":61}},"108":{"start":{"line":217,"column":8},"end":{"line":219,"column":9}},"109":{"start":{"line":218,"column":12},"end":{"line":218,"column":60}},"110":{"start":{"line":220,"column":8},"end":{"line":222,"column":9}},"111":{"start":{"line":221,"column":12},"end":{"line":221,"column":60}},"112":{"start":{"line":223,"column":8},"end":{"line":225,"column":9}},"113":{"start":{"line":224,"column":12},"end":{"line":224,"column":61}},"114":{"start":{"line":226,"column":8},"end":{"line":228,"column":9}},"115":{"start":{"line":227,"column":12},"end":{"line":227,"column":70}},"116":{"start":{"line":229,"column":8},"end":{"line":231,"column":9}},"117":{"start":{"line":230,"column":12},"end":{"line":230,"column":62}},"118":{"start":{"line":232,"column":8},"end":{"line":234,"column":9}},"119":{"start":{"line":233,"column":12},"end":{"line":233,"column":70}},"120":{"start":{"line":235,"column":8},"end":{"line":237,"column":9}},"121":{"start":{"line":236,"column":12},"end":{"line":236,"column":61}},"122":{"start":{"line":238,"column":8},"end":{"line":240,"column":9}},"123":{"start":{"line":239,"column":12},"end":{"line":239,"column":69}},"124":{"start":{"line":241,"column":8},"end":{"line":243,"column":9}},"125":{"start":{"line":242,"column":12},"end":{"line":242,"column":61}},"126":{"start":{"line":244,"column":8},"end":{"line":246,"column":9}},"127":{"start":{"line":245,"column":12},"end":{"line":245,"column":70}},"128":{"start":{"line":247,"column":8},"end":{"line":249,"column":9}},"129":{"start":{"line":248,"column":12},"end":{"line":248,"column":62}},"130":{"start":{"line":250,"column":8},"end":{"line":252,"column":9}},"131":{"start":{"line":251,"column":12},"end":{"line":251,"column":74}},"132":{"start":{"line":253,"column":8},"end":{"line":255,"column":9}},"133":{"start":{"line":254,"column":12},"end":{"line":254,"column":65}},"134":{"start":{"line":256,"column":8},"end":{"line":258,"column":9}},"135":{"start":{"line":257,"column":12},"end":{"line":257,"column":77}},"136":{"start":{"line":259,"column":8},"end":{"line":261,"column":9}},"137":{"start":{"line":260,"column":12},"end":{"line":260,"column":65}},"138":{"start":{"line":262,"column":8},"end":{"line":264,"column":9}},"139":{"start":{"line":263,"column":12},"end":{"line":263,"column":76}},"140":{"start":{"line":265,"column":8},"end":{"line":267,"column":9}},"141":{"start":{"line":266,"column":12},"end":{"line":266,"column":64}},"142":{"start":{"line":268,"column":8},"end":{"line":270,"column":9}},"143":{"start":{"line":269,"column":12},"end":{"line":269,"column":75}},"144":{"start":{"line":271,"column":8},"end":{"line":273,"column":9}},"145":{"start":{"line":272,"column":12},"end":{"line":272,"column":64}},"146":{"start":{"line":274,"column":8},"end":{"line":276,"column":9}},"147":{"start":{"line":275,"column":12},"end":{"line":275,"column":74}},"148":{"start":{"line":277,"column":8},"end":{"line":279,"column":9}},"149":{"start":{"line":278,"column":12},"end":{"line":278,"column":63}},"150":{"start":{"line":280,"column":8},"end":{"line":282,"column":9}},"151":{"start":{"line":281,"column":12},"end":{"line":281,"column":73}},"152":{"start":{"line":283,"column":8},"end":{"line":285,"column":9}},"153":{"start":{"line":284,"column":12},"end":{"line":284,"column":63}},"154":{"start":{"line":286,"column":8},"end":{"line":286,"column":101}},"155":{"start":{"line":288,"column":4},"end":{"line":288,"column":25}},"156":{"start":{"line":291,"column":4},"end":{"line":296,"column":5}},"157":{"start":{"line":292,"column":8},"end":{"line":292,"column":41}},"158":{"start":{"line":295,"column":8},"end":{"line":295,"column":32}},"159":{"start":{"line":307,"column":4},"end":{"line":309,"column":5}},"160":{"start":{"line":308,"column":8},"end":{"line":308,"column":58}},"161":{"start":{"line":310,"column":4},"end":{"line":312,"column":5}},"162":{"start":{"line":311,"column":8},"end":{"line":311,"column":101}},"163":{"start":{"line":313,"column":23},"end":{"line":313,"column":30}},"164":{"start":{"line":314,"column":4},"end":{"line":314,"column":24}},"165":{"start":{"line":315,"column":19},"end":{"line":318,"column":15}},"166":{"start":{"line":316,"column":26},"end":{"line":316,"column":37}},"167":{"start":{"line":317,"column":24},"end":{"line":317,"column":64}},"168":{"start":{"line":319,"column":4},"end":{"line":319,"column":69}},"169":{"start":{"line":321,"column":0},"end":{"line":321,"column":42}},"170":{"start":{"line":331,"column":24},"end":{"line":331,"column":44}},"171":{"start":{"line":332,"column":4},"end":{"line":336,"column":17}},"172":{"start":{"line":338,"column":0},"end":{"line":338,"column":32}}},"fnMap":{"0":{"name":"separateNumberIntoUnits","decl":{"start":{"line":11,"column":9},"end":{"line":11,"column":32}},"loc":{"start":{"line":11,"column":36},"end":{"line":23,"column":1}},"line":11},"1":{"name":"groupNumberUnitsToLezgiRange","decl":{"start":{"line":35,"column":9},"end":{"line":35,"column":37}},"loc":{"start":{"line":35,"column":43},"end":{"line":53,"column":1}},"line":35},"2":{"name":"(anonymous_2)","decl":{"start":{"line":38,"column":29},"end":{"line":38,"column":30}},"loc":{"start":{"line":38,"column":43},"end":{"line":43,"column":9}},"line":38},"3":{"name":"(anonymous_3)","decl":{"start":{"line":48,"column":25},"end":{"line":48,"column":26}},"loc":{"start":{"line":48,"column":34},"end":{"line":48,"column":71}},"line":48},"4":{"name":"getTenPlusBase","decl":{"start":{"line":54,"column":9},"end":{"line":54,"column":23}},"loc":{"start":{"line":54,"column":29},"end":{"line":69,"column":1}},"line":54},"5":{"name":"getTwentyPlusBase","decl":{"start":{"line":70,"column":9},"end":{"line":70,"column":26}},"loc":{"start":{"line":70,"column":32},"end":{"line":72,"column":1}},"line":70},"6":{"name":"getThirtyPlusBase","decl":{"start":{"line":73,"column":9},"end":{"line":73,"column":26}},"loc":{"start":{"line":73,"column":32},"end":{"line":75,"column":1}},"line":73},"7":{"name":"getFourtyPlusBase","decl":{"start":{"line":76,"column":9},"end":{"line":76,"column":26}},"loc":{"start":{"line":76,"column":32},"end":{"line":78,"column":1}},"line":76},"8":{"name":"getFiftyPlusBase","decl":{"start":{"line":79,"column":9},"end":{"line":79,"column":25}},"loc":{"start":{"line":79,"column":31},"end":{"line":81,"column":1}},"line":79},"9":{"name":"getSixtyPlusBase","decl":{"start":{"line":82,"column":9},"end":{"line":82,"column":25}},"loc":{"start":{"line":82,"column":31},"end":{"line":84,"column":1}},"line":82},"10":{"name":"getSeventyPlusBase","decl":{"start":{"line":85,"column":9},"end":{"line":85,"column":27}},"loc":{"start":{"line":85,"column":33},"end":{"line":87,"column":1}},"line":85},"11":{"name":"getEightyPlusBase","decl":{"start":{"line":88,"column":9},"end":{"line":88,"column":26}},"loc":{"start":{"line":88,"column":32},"end":{"line":90,"column":1}},"line":88},"12":{"name":"getNinetyPlusBase","decl":{"start":{"line":91,"column":9},"end":{"line":91,"column":26}},"loc":{"start":{"line":91,"column":32},"end":{"line":93,"column":1}},"line":91},"13":{"name":"getHundredPlusBase","decl":{"start":{"line":94,"column":9},"end":{"line":94,"column":27}},"loc":{"start":{"line":94,"column":33},"end":{"line":96,"column":1}},"line":94},"14":{"name":"getHundredPlusNumCount","decl":{"start":{"line":97,"column":9},"end":{"line":97,"column":31}},"loc":{"start":{"line":97,"column":42},"end":{"line":102,"column":1}},"line":97},"15":{"name":"getBetweenHundredAndThousand","decl":{"start":{"line":103,"column":9},"end":{"line":103,"column":37}},"loc":{"start":{"line":103,"column":59},"end":{"line":107,"column":1}},"line":103},"16":{"name":"getThousandPlusBase","decl":{"start":{"line":108,"column":9},"end":{"line":108,"column":28}},"loc":{"start":{"line":108,"column":34},"end":{"line":110,"column":1}},"line":108},"17":{"name":"getBetweenThousandAndMillion","decl":{"start":{"line":111,"column":9},"end":{"line":111,"column":37}},"loc":{"start":{"line":111,"column":59},"end":{"line":115,"column":1}},"line":111},"18":{"name":"getMillionPlusBase","decl":{"start":{"line":116,"column":9},"end":{"line":116,"column":27}},"loc":{"start":{"line":116,"column":33},"end":{"line":118,"column":1}},"line":116},"19":{"name":"getBetweenMillionAndBillion","decl":{"start":{"line":119,"column":9},"end":{"line":119,"column":36}},"loc":{"start":{"line":119,"column":58},"end":{"line":123,"column":1}},"line":119},"20":{"name":"getBillionPlusBase","decl":{"start":{"line":124,"column":9},"end":{"line":124,"column":27}},"loc":{"start":{"line":124,"column":33},"end":{"line":126,"column":1}},"line":124},"21":{"name":"getBetweenBillionAndTrillion","decl":{"start":{"line":127,"column":9},"end":{"line":127,"column":37}},"loc":{"start":{"line":127,"column":59},"end":{"line":131,"column":1}},"line":127},"22":{"name":"getTrillionPlusBase","decl":{"start":{"line":132,"column":9},"end":{"line":132,"column":28}},"loc":{"start":{"line":132,"column":34},"end":{"line":134,"column":1}},"line":132},"23":{"name":"getBetweenTrillionAndQuadrillion","decl":{"start":{"line":135,"column":9},"end":{"line":135,"column":41}},"loc":{"start":{"line":135,"column":63},"end":{"line":139,"column":1}},"line":135},"24":{"name":"getQuadrillionPlusBase","decl":{"start":{"line":140,"column":9},"end":{"line":140,"column":31}},"loc":{"start":{"line":140,"column":37},"end":{"line":142,"column":1}},"line":140},"25":{"name":"getBetweenQuadrillionAndQuintillion","decl":{"start":{"line":143,"column":9},"end":{"line":143,"column":44}},"loc":{"start":{"line":143,"column":66},"end":{"line":147,"column":1}},"line":143},"26":{"name":"getQuintillionPlusBase","decl":{"start":{"line":148,"column":9},"end":{"line":148,"column":31}},"loc":{"start":{"line":148,"column":37},"end":{"line":150,"column":1}},"line":148},"27":{"name":"getBetweenQuintillionAndSextillion","decl":{"start":{"line":151,"column":9},"end":{"line":151,"column":43}},"loc":{"start":{"line":151,"column":65},"end":{"line":155,"column":1}},"line":151},"28":{"name":"getSextillionPlusBase","decl":{"start":{"line":156,"column":9},"end":{"line":156,"column":30}},"loc":{"start":{"line":156,"column":36},"end":{"line":158,"column":1}},"line":156},"29":{"name":"getBetweenSextillionAndSeptillion","decl":{"start":{"line":159,"column":9},"end":{"line":159,"column":42}},"loc":{"start":{"line":159,"column":64},"end":{"line":163,"column":1}},"line":159},"30":{"name":"getSeptillionPlusBase","decl":{"start":{"line":164,"column":9},"end":{"line":164,"column":30}},"loc":{"start":{"line":164,"column":36},"end":{"line":166,"column":1}},"line":164},"31":{"name":"getBetweenSeptillionAndOctillion","decl":{"start":{"line":167,"column":9},"end":{"line":167,"column":41}},"loc":{"start":{"line":167,"column":63},"end":{"line":171,"column":1}},"line":167},"32":{"name":"getOctillionPlusBase","decl":{"start":{"line":172,"column":9},"end":{"line":172,"column":29}},"loc":{"start":{"line":172,"column":35},"end":{"line":174,"column":1}},"line":172},"33":{"name":"getBetweenOctillionAndNonillion","decl":{"start":{"line":175,"column":9},"end":{"line":175,"column":40}},"loc":{"start":{"line":175,"column":62},"end":{"line":179,"column":1}},"line":175},"34":{"name":"getNonillionPlusBase","decl":{"start":{"line":180,"column":9},"end":{"line":180,"column":29}},"loc":{"start":{"line":180,"column":35},"end":{"line":182,"column":1}},"line":180},"35":{"name":"getCompound","decl":{"start":{"line":183,"column":9},"end":{"line":183,"column":20}},"loc":{"start":{"line":183,"column":26},"end":{"line":289,"column":1}},"line":183},"36":{"name":"(anonymous_36)","decl":{"start":{"line":185,"column":29},"end":{"line":185,"column":30}},"loc":{"start":{"line":185,"column":42},"end":{"line":287,"column":5}},"line":185},"37":{"name":"(anonymous_37)","decl":{"start":{"line":195,"column":57},"end":{"line":195,"column":58}},"loc":{"start":{"line":195,"column":71},"end":{"line":195,"column":80}},"line":195},"38":{"name":"getAtomicOrCompound","decl":{"start":{"line":290,"column":9},"end":{"line":290,"column":28}},"loc":{"start":{"line":290,"column":34},"end":{"line":297,"column":1}},"line":290},"39":{"name":"numToLezgiArray","decl":{"start":{"line":306,"column":9},"end":{"line":306,"column":24}},"loc":{"start":{"line":306,"column":30},"end":{"line":320,"column":1}},"line":306},"40":{"name":"(anonymous_40)","decl":{"start":{"line":316,"column":16},"end":{"line":316,"column":17}},"loc":{"start":{"line":316,"column":26},"end":{"line":316,"column":37}},"line":316},"41":{"name":"(anonymous_41)","decl":{"start":{"line":317,"column":13},"end":{"line":317,"column":14}},"loc":{"start":{"line":317,"column":24},"end":{"line":317,"column":64}},"line":317},"42":{"name":"numToLezgi","decl":{"start":{"line":330,"column":9},"end":{"line":330,"column":19}},"loc":{"start":{"line":330,"column":25},"end":{"line":337,"column":1}},"line":330}},"branchMap":{"0":{"loc":{"start":{"line":12,"column":4},"end":{"line":13,"column":19}},"type":"if","locations":[{"start":{"line":12,"column":4},"end":{"line":13,"column":19}},{"start":{},"end":{}}],"line":12},"1":{"loc":{"start":{"line":39,"column":12},"end":{"line":41,"column":13}},"type":"if","locations":[{"start":{"line":39,"column":12},"end":{"line":41,"column":13}},{"start":{},"end":{}}],"line":39},"2":{"loc":{"start":{"line":39,"column":16},"end":{"line":39,"column":53}},"type":"binary-expr","locations":[{"start":{"line":39,"column":16},"end":{"line":39,"column":34}},{"start":{"line":39,"column":38},"end":{"line":39,"column":53}}],"line":39},"3":{"loc":{"start":{"line":44,"column":8},"end":{"line":46,"column":9}},"type":"if","locations":[{"start":{"line":44,"column":8},"end":{"line":46,"column":9}},{"start":{},"end":{}}],"line":44},"4":{"loc":{"start":{"line":48,"column":34},"end":{"line":48,"column":71}},"type":"binary-expr","locations":[{"start":{"line":48,"column":34},"end":{"line":48,"column":51}},{"start":{"line":48,"column":55},"end":{"line":48,"column":71}}],"line":48},"5":{"loc":{"start":{"line":55,"column":4},"end":{"line":57,"column":5}},"type":"if","locations":[{"start":{"line":55,"column":4},"end":{"line":57,"column":5}},{"start":{},"end":{}}],"line":55},"6":{"loc":{"start":{"line":55,"column":8},"end":{"line":55,"column":29}},"type":"binary-expr","locations":[{"start":{"line":55,"column":8},"end":{"line":55,"column":16}},{"start":{"line":55,"column":20},"end":{"line":55,"column":29}}],"line":55},"7":{"loc":{"start":{"line":58,"column":4},"end":{"line":60,"column":5}},"type":"if","locations":[{"start":{"line":58,"column":4},"end":{"line":60,"column":5}},{"start":{},"end":{}}],"line":58},"8":{"loc":{"start":{"line":62,"column":4},"end":{"line":67,"column":5}},"type":"if","locations":[{"start":{"line":62,"column":4},"end":{"line":67,"column":5}},{"start":{"line":65,"column":9},"end":{"line":67,"column":5}}],"line":62},"9":{"loc":{"start":{"line":62,"column":8},"end":{"line":62,"column":46}},"type":"binary-expr","locations":[{"start":{"line":62,"column":8},"end":{"line":62,"column":18}},{"start":{"line":62,"column":22},"end":{"line":62,"column":32}},{"start":{"line":62,"column":36},"end":{"line":62,"column":46}}],"line":62},"10":{"loc":{"start":{"line":65,"column":9},"end":{"line":67,"column":5}},"type":"if","locations":[{"start":{"line":65,"column":9},"end":{"line":67,"column":5}},{"start":{},"end":{}}],"line":65},"11":{"loc":{"start":{"line":71,"column":11},"end":{"line":71,"column":61}},"type":"cond-expr","locations":[{"start":{"line":71,"column":24},"end":{"line":71,"column":48}},{"start":{"line":71,"column":51},"end":{"line":71,"column":61}}],"line":71},"12":{"loc":{"start":{"line":77,"column":11},"end":{"line":77,"column":81}},"type":"cond-expr","locations":[{"start":{"line":77,"column":24},"end":{"line":77,"column":48}},{"start":{"line":77,"column":51},"end":{"line":77,"column":81}}],"line":77},"13":{"loc":{"start":{"line":83,"column":11},"end":{"line":83,"column":124}},"type":"cond-expr","locations":[{"start":{"line":83,"column":24},"end":{"line":83,"column":71}},{"start":{"line":83,"column":74},"end":{"line":83,"column":124}}],"line":83},"14":{"loc":{"start":{"line":89,"column":11},"end":{"line":89,"column":124}},"type":"cond-expr","locations":[{"start":{"line":89,"column":24},"end":{"line":89,"column":71}},{"start":{"line":89,"column":74},"end":{"line":89,"column":124}}],"line":89},"15":{"loc":{"start":{"line":95,"column":11},"end":{"line":95,"column":88}},"type":"cond-expr","locations":[{"start":{"line":95,"column":29},"end":{"line":95,"column":54}},{"start":{"line":95,"column":57},"end":{"line":95,"column":88}}],"line":95},"16":{"loc":{"start":{"line":98,"column":4},"end":{"line":100,"column":5}},"type":"if","locations":[{"start":{"line":98,"column":4},"end":{"line":100,"column":5}},{"start":{},"end":{}}],"line":98},"17":{"loc":{"start":{"line":99,"column":15},"end":{"line":99,"column":108}},"type":"cond-expr","locations":[{"start":{"line":99,"column":32},"end":{"line":99,"column":75}},{"start":{"line":99,"column":78},"end":{"line":99,"column":108}}],"line":99},"18":{"loc":{"start":{"line":104,"column":26},"end":{"line":104,"column":72}},"type":"cond-expr","locations":[{"start":{"line":104,"column":43},"end":{"line":104,"column":60}},{"start":{"line":104,"column":63},"end":{"line":104,"column":72}}],"line":104},"19":{"loc":{"start":{"line":109,"column":11},"end":{"line":109,"column":91}},"type":"cond-expr","locations":[{"start":{"line":109,"column":30},"end":{"line":109,"column":56}},{"start":{"line":109,"column":59},"end":{"line":109,"column":91}}],"line":109},"20":{"loc":{"start":{"line":112,"column":27},"end":{"line":112,"column":76}},"type":"cond-expr","locations":[{"start":{"line":112,"column":45},"end":{"line":112,"column":63}},{"start":{"line":112,"column":66},"end":{"line":112,"column":76}}],"line":112},"21":{"loc":{"start":{"line":113,"column":34},"end":{"line":113,"column":103}},"type":"binary-expr","locations":[{"start":{"line":113,"column":34},"end":{"line":113,"column":72}},{"start":{"line":113,"column":76},"end":{"line":113,"column":103}}],"line":113},"22":{"loc":{"start":{"line":117,"column":11},"end":{"line":117,"column":136}},"type":"cond-expr","locations":[{"start":{"line":117,"column":45},"end":{"line":117,"column":86}},{"start":{"line":117,"column":89},"end":{"line":117,"column":136}}],"line":117},"23":{"loc":{"start":{"line":120,"column":26},"end":{"line":120,"column":120}},"type":"cond-expr","locations":[{"start":{"line":120,"column":59},"end":{"line":120,"column":92}},{"start":{"line":120,"column":95},"end":{"line":120,"column":120}}],"line":120},"24":{"loc":{"start":{"line":121,"column":33},"end":{"line":121,"column":100}},"type":"binary-expr","locations":[{"start":{"line":121,"column":33},"end":{"line":121,"column":70}},{"start":{"line":121,"column":74},"end":{"line":121,"column":100}}],"line":121},"25":{"loc":{"start":{"line":125,"column":11},"end":{"line":125,"column":136}},"type":"cond-expr","locations":[{"start":{"line":125,"column":45},"end":{"line":125,"column":86}},{"start":{"line":125,"column":89},"end":{"line":125,"column":136}}],"line":125},"26":{"loc":{"start":{"line":128,"column":26},"end":{"line":128,"column":120}},"type":"cond-expr","locations":[{"start":{"line":128,"column":59},"end":{"line":128,"column":92}},{"start":{"line":128,"column":95},"end":{"line":128,"column":120}}],"line":128},"27":{"loc":{"start":{"line":129,"column":33},"end":{"line":129,"column":100}},"type":"binary-expr","locations":[{"start":{"line":129,"column":33},"end":{"line":129,"column":70}},{"start":{"line":129,"column":74},"end":{"line":129,"column":100}}],"line":129},"28":{"loc":{"start":{"line":133,"column":11},"end":{"line":133,"column":139}},"type":"cond-expr","locations":[{"start":{"line":133,"column":46},"end":{"line":133,"column":88}},{"start":{"line":133,"column":91},"end":{"line":133,"column":139}}],"line":133},"29":{"loc":{"start":{"line":136,"column":27},"end":{"line":136,"column":124}},"type":"cond-expr","locations":[{"start":{"line":136,"column":61},"end":{"line":136,"column":95}},{"start":{"line":136,"column":98},"end":{"line":136,"column":124}}],"line":136},"30":{"loc":{"start":{"line":137,"column":34},"end":{"line":137,"column":103}},"type":"binary-expr","locations":[{"start":{"line":137,"column":34},"end":{"line":137,"column":72}},{"start":{"line":137,"column":76},"end":{"line":137,"column":103}}],"line":137},"31":{"loc":{"start":{"line":141,"column":11},"end":{"line":141,"column":148}},"type":"cond-expr","locations":[{"start":{"line":141,"column":49},"end":{"line":141,"column":94}},{"start":{"line":141,"column":97},"end":{"line":141,"column":148}}],"line":141},"32":{"loc":{"start":{"line":144,"column":30},"end":{"line":144,"column":136}},"type":"cond-expr","locations":[{"start":{"line":144,"column":67},"end":{"line":144,"column":104}},{"start":{"line":144,"column":107},"end":{"line":144,"column":136}}],"line":144},"33":{"loc":{"start":{"line":145,"column":37},"end":{"line":145,"column":112}},"type":"binary-expr","locations":[{"start":{"line":145,"column":37},"end":{"line":145,"column":78}},{"start":{"line":145,"column":82},"end":{"line":145,"column":112}}],"line":145},"34":{"loc":{"start":{"line":149,"column":11},"end":{"line":149,"column":148}},"type":"cond-expr","locations":[{"start":{"line":149,"column":49},"end":{"line":149,"column":94}},{"start":{"line":149,"column":97},"end":{"line":149,"column":148}}],"line":149},"35":{"loc":{"start":{"line":152,"column":30},"end":{"line":152,"column":136}},"type":"cond-expr","locations":[{"start":{"line":152,"column":67},"end":{"line":152,"column":104}},{"start":{"line":152,"column":107},"end":{"line":152,"column":136}}],"line":152},"36":{"loc":{"start":{"line":153,"column":37},"end":{"line":153,"column":112}},"type":"binary-expr","locations":[{"start":{"line":153,"column":37},"end":{"line":153,"column":78}},{"start":{"line":153,"column":82},"end":{"line":153,"column":112}}],"line":153},"37":{"loc":{"start":{"line":157,"column":11},"end":{"line":157,"column":145}},"type":"cond-expr","locations":[{"start":{"line":157,"column":48},"end":{"line":157,"column":92}},{"start":{"line":157,"column":95},"end":{"line":157,"column":145}}],"line":157},"38":{"loc":{"start":{"line":160,"column":29},"end":{"line":160,"column":132}},"type":"cond-expr","locations":[{"start":{"line":160,"column":65},"end":{"line":160,"column":101}},{"start":{"line":160,"column":104},"end":{"line":160,"column":132}}],"line":160},"39":{"loc":{"start":{"line":161,"column":36},"end":{"line":161,"column":109}},"type":"binary-expr","locations":[{"start":{"line":161,"column":36},"end":{"line":161,"column":76}},{"start":{"line":161,"column":80},"end":{"line":161,"column":109}}],"line":161},"40":{"loc":{"start":{"line":165,"column":11},"end":{"line":165,"column":145}},"type":"cond-expr","locations":[{"start":{"line":165,"column":48},"end":{"line":165,"column":92}},{"start":{"line":165,"column":95},"end":{"line":165,"column":145}}],"line":165},"41":{"loc":{"start":{"line":168,"column":29},"end":{"line":168,"column":132}},"type":"cond-expr","locations":[{"start":{"line":168,"column":65},"end":{"line":168,"column":101}},{"start":{"line":168,"column":104},"end":{"line":168,"column":132}}],"line":168},"42":{"loc":{"start":{"line":169,"column":36},"end":{"line":169,"column":109}},"type":"binary-expr","locations":[{"start":{"line":169,"column":36},"end":{"line":169,"column":76}},{"start":{"line":169,"column":80},"end":{"line":169,"column":109}}],"line":169},"43":{"loc":{"start":{"line":173,"column":11},"end":{"line":173,"column":142}},"type":"cond-expr","locations":[{"start":{"line":173,"column":47},"end":{"line":173,"column":90}},{"start":{"line":173,"column":93},"end":{"line":173,"column":142}}],"line":173},"44":{"loc":{"start":{"line":176,"column":28},"end":{"line":176,"column":128}},"type":"cond-expr","locations":[{"start":{"line":176,"column":63},"end":{"line":176,"column":98}},{"start":{"line":176,"column":101},"end":{"line":176,"column":128}}],"line":176},"45":{"loc":{"start":{"line":177,"column":35},"end":{"line":177,"column":106}},"type":"binary-expr","locations":[{"start":{"line":177,"column":35},"end":{"line":177,"column":74}},{"start":{"line":177,"column":78},"end":{"line":177,"column":106}}],"line":177},"46":{"loc":{"start":{"line":181,"column":11},"end":{"line":181,"column":142}},"type":"cond-expr","locations":[{"start":{"line":181,"column":47},"end":{"line":181,"column":90}},{"start":{"line":181,"column":93},"end":{"line":181,"column":142}}],"line":181},"47":{"loc":{"start":{"line":186,"column":8},"end":{"line":194,"column":9}},"type":"if","locations":[{"start":{"line":186,"column":8},"end":{"line":194,"column":9}},{"start":{},"end":{}}],"line":186},"48":{"loc":{"start":{"line":186,"column":12},"end":{"line":192,"column":36}},"type":"binary-expr","locations":[{"start":{"line":186,"column":12},"end":{"line":186,"column":17}},{"start":{"line":187,"column":12},"end":{"line":187,"column":22}},{"start":{"line":188,"column":13},"end":{"line":188,"column":32}},{"start":{"line":189,"column":16},"end":{"line":189,"column":35}},{"start":{"line":190,"column":16},"end":{"line":190,"column":35}},{"start":{"line":191,"column":16},"end":{"line":191,"column":35}},{"start":{"line":192,"column":16},"end":{"line":192,"column":35}}],"line":186},"49":{"loc":{"start":{"line":196,"column":8},"end":{"line":198,"column":9}},"type":"if","locations":[{"start":{"line":196,"column":8},"end":{"line":198,"column":9}},{"start":{},"end":{}}],"line":196},"50":{"loc":{"start":{"line":199,"column":8},"end":{"line":201,"column":9}},"type":"if","locations":[{"start":{"line":199,"column":8},"end":{"line":201,"column":9}},{"start":{},"end":{}}],"line":199},"51":{"loc":{"start":{"line":202,"column":8},"end":{"line":204,"column":9}},"type":"if","locations":[{"start":{"line":202,"column":8},"end":{"line":204,"column":9}},{"start":{},"end":{}}],"line":202},"52":{"loc":{"start":{"line":205,"column":8},"end":{"line":207,"column":9}},"type":"if","locations":[{"start":{"line":205,"column":8},"end":{"line":207,"column":9}},{"start":{},"end":{}}],"line":205},"53":{"loc":{"start":{"line":208,"column":8},"end":{"line":210,"column":9}},"type":"if","locations":[{"start":{"line":208,"column":8},"end":{"line":210,"column":9}},{"start":{},"end":{}}],"line":208},"54":{"loc":{"start":{"line":211,"column":8},"end":{"line":213,"column":9}},"type":"if","locations":[{"start":{"line":211,"column":8},"end":{"line":213,"column":9}},{"start":{},"end":{}}],"line":211},"55":{"loc":{"start":{"line":214,"column":8},"end":{"line":216,"column":9}},"type":"if","locations":[{"start":{"line":214,"column":8},"end":{"line":216,"column":9}},{"start":{},"end":{}}],"line":214},"56":{"loc":{"start":{"line":217,"column":8},"end":{"line":219,"column":9}},"type":"if","locations":[{"start":{"line":217,"column":8},"end":{"line":219,"column":9}},{"start":{},"end":{}}],"line":217},"57":{"loc":{"start":{"line":220,"column":8},"end":{"line":222,"column":9}},"type":"if","locations":[{"start":{"line":220,"column":8},"end":{"line":222,"column":9}},{"start":{},"end":{}}],"line":220},"58":{"loc":{"start":{"line":223,"column":8},"end":{"line":225,"column":9}},"type":"if","locations":[{"start":{"line":223,"column":8},"end":{"line":225,"column":9}},{"start":{},"end":{}}],"line":223},"59":{"loc":{"start":{"line":226,"column":8},"end":{"line":228,"column":9}},"type":"if","locations":[{"start":{"line":226,"column":8},"end":{"line":228,"column":9}},{"start":{},"end":{}}],"line":226},"60":{"loc":{"start":{"line":226,"column":12},"end":{"line":226,"column":37}},"type":"binary-expr","locations":[{"start":{"line":226,"column":12},"end":{"line":226,"column":22}},{"start":{"line":226,"column":26},"end":{"line":226,"column":37}}],"line":226},"61":{"loc":{"start":{"line":229,"column":8},"end":{"line":231,"column":9}},"type":"if","locations":[{"start":{"line":229,"column":8},"end":{"line":231,"column":9}},{"start":{},"end":{}}],"line":229},"62":{"loc":{"start":{"line":232,"column":8},"end":{"line":234,"column":9}},"type":"if","locations":[{"start":{"line":232,"column":8},"end":{"line":234,"column":9}},{"start":{},"end":{}}],"line":232},"63":{"loc":{"start":{"line":232,"column":12},"end":{"line":232,"column":53}},"type":"binary-expr","locations":[{"start":{"line":232,"column":12},"end":{"line":232,"column":23}},{"start":{"line":232,"column":27},"end":{"line":232,"column":53}}],"line":232},"64":{"loc":{"start":{"line":235,"column":8},"end":{"line":237,"column":9}},"type":"if","locations":[{"start":{"line":235,"column":8},"end":{"line":237,"column":9}},{"start":{},"end":{}}],"line":235},"65":{"loc":{"start":{"line":238,"column":8},"end":{"line":240,"column":9}},"type":"if","locations":[{"start":{"line":238,"column":8},"end":{"line":240,"column":9}},{"start":{},"end":{}}],"line":238},"66":{"loc":{"start":{"line":238,"column":12},"end":{"line":238,"column":68}},"type":"binary-expr","locations":[{"start":{"line":238,"column":12},"end":{"line":238,"column":38}},{"start":{"line":238,"column":42},"end":{"line":238,"column":68}}],"line":238},"67":{"loc":{"start":{"line":241,"column":8},"end":{"line":243,"column":9}},"type":"if","locations":[{"start":{"line":241,"column":8},"end":{"line":243,"column":9}},{"start":{},"end":{}}],"line":241},"68":{"loc":{"start":{"line":244,"column":8},"end":{"line":246,"column":9}},"type":"if","locations":[{"start":{"line":244,"column":8},"end":{"line":246,"column":9}},{"start":{},"end":{}}],"line":244},"69":{"loc":{"start":{"line":244,"column":12},"end":{"line":244,"column":69}},"type":"binary-expr","locations":[{"start":{"line":244,"column":12},"end":{"line":244,"column":38}},{"start":{"line":244,"column":42},"end":{"line":244,"column":69}}],"line":244},"70":{"loc":{"start":{"line":247,"column":8},"end":{"line":249,"column":9}},"type":"if","locations":[{"start":{"line":247,"column":8},"end":{"line":249,"column":9}},{"start":{},"end":{}}],"line":247},"71":{"loc":{"start":{"line":250,"column":8},"end":{"line":252,"column":9}},"type":"if","locations":[{"start":{"line":250,"column":8},"end":{"line":252,"column":9}},{"start":{},"end":{}}],"line":250},"72":{"loc":{"start":{"line":250,"column":12},"end":{"line":250,"column":73}},"type":"binary-expr","locations":[{"start":{"line":250,"column":12},"end":{"line":250,"column":39}},{"start":{"line":250,"column":43},"end":{"line":250,"column":73}}],"line":250},"73":{"loc":{"start":{"line":253,"column":8},"end":{"line":255,"column":9}},"type":"if","locations":[{"start":{"line":253,"column":8},"end":{"line":255,"column":9}},{"start":{},"end":{}}],"line":253},"74":{"loc":{"start":{"line":256,"column":8},"end":{"line":258,"column":9}},"type":"if","locations":[{"start":{"line":256,"column":8},"end":{"line":258,"column":9}},{"start":{},"end":{}}],"line":256},"75":{"loc":{"start":{"line":256,"column":12},"end":{"line":256,"column":76}},"type":"binary-expr","locations":[{"start":{"line":256,"column":12},"end":{"line":256,"column":42}},{"start":{"line":256,"column":46},"end":{"line":256,"column":76}}],"line":256},"76":{"loc":{"start":{"line":259,"column":8},"end":{"line":261,"column":9}},"type":"if","locations":[{"start":{"line":259,"column":8},"end":{"line":261,"column":9}},{"start":{},"end":{}}],"line":259},"77":{"loc":{"start":{"line":262,"column":8},"end":{"line":264,"column":9}},"type":"if","locations":[{"start":{"line":262,"column":8},"end":{"line":264,"column":9}},{"start":{},"end":{}}],"line":262},"78":{"loc":{"start":{"line":262,"column":12},"end":{"line":262,"column":75}},"type":"binary-expr","locations":[{"start":{"line":262,"column":12},"end":{"line":262,"column":42}},{"start":{"line":262,"column":46},"end":{"line":262,"column":75}}],"line":262},"79":{"loc":{"start":{"line":265,"column":8},"end":{"line":267,"column":9}},"type":"if","locations":[{"start":{"line":265,"column":8},"end":{"line":267,"column":9}},{"start":{},"end":{}}],"line":265},"80":{"loc":{"start":{"line":268,"column":8},"end":{"line":270,"column":9}},"type":"if","locations":[{"start":{"line":268,"column":8},"end":{"line":270,"column":9}},{"start":{},"end":{}}],"line":268},"81":{"loc":{"start":{"line":268,"column":12},"end":{"line":268,"column":74}},"type":"binary-expr","locations":[{"start":{"line":268,"column":12},"end":{"line":268,"column":41}},{"start":{"line":268,"column":45},"end":{"line":268,"column":74}}],"line":268},"82":{"loc":{"start":{"line":271,"column":8},"end":{"line":273,"column":9}},"type":"if","locations":[{"start":{"line":271,"column":8},"end":{"line":273,"column":9}},{"start":{},"end":{}}],"line":271},"83":{"loc":{"start":{"line":274,"column":8},"end":{"line":276,"column":9}},"type":"if","locations":[{"start":{"line":274,"column":8},"end":{"line":276,"column":9}},{"start":{},"end":{}}],"line":274},"84":{"loc":{"start":{"line":274,"column":12},"end":{"line":274,"column":73}},"type":"binary-expr","locations":[{"start":{"line":274,"column":12},"end":{"line":274,"column":41}},{"start":{"line":274,"column":45},"end":{"line":274,"column":73}}],"line":274},"85":{"loc":{"start":{"line":277,"column":8},"end":{"line":279,"column":9}},"type":"if","locations":[{"start":{"line":277,"column":8},"end":{"line":279,"column":9}},{"start":{},"end":{}}],"line":277},"86":{"loc":{"start":{"line":280,"column":8},"end":{"line":282,"column":9}},"type":"if","locations":[{"start":{"line":280,"column":8},"end":{"line":282,"column":9}},{"start":{},"end":{}}],"line":280},"87":{"loc":{"start":{"line":280,"column":12},"end":{"line":280,"column":72}},"type":"binary-expr","locations":[{"start":{"line":280,"column":12},"end":{"line":280,"column":40}},{"start":{"line":280,"column":44},"end":{"line":280,"column":72}}],"line":280},"88":{"loc":{"start":{"line":283,"column":8},"end":{"line":285,"column":9}},"type":"if","locations":[{"start":{"line":283,"column":8},"end":{"line":285,"column":9}},{"start":{},"end":{}}],"line":283},"89":{"loc":{"start":{"line":286,"column":15},"end":{"line":286,"column":100}},"type":"cond-expr","locations":[{"start":{"line":286,"column":48},"end":{"line":286,"column":52}},{"start":{"line":286,"column":55},"end":{"line":286,"column":100}}],"line":286},"90":{"loc":{"start":{"line":286,"column":15},"end":{"line":286,"column":45}},"type":"binary-expr","locations":[{"start":{"line":286,"column":15},"end":{"line":286,"column":31}},{"start":{"line":286,"column":35},"end":{"line":286,"column":45}}],"line":286},"91":{"loc":{"start":{"line":286,"column":56},"end":{"line":286,"column":99}},"type":"binary-expr","locations":[{"start":{"line":286,"column":56},"end":{"line":286,"column":80}},{"start":{"line":286,"column":84},"end":{"line":286,"column":99}}],"line":286},"92":{"loc":{"start":{"line":291,"column":4},"end":{"line":296,"column":5}},"type":"if","locations":[{"start":{"line":291,"column":4},"end":{"line":296,"column":5}},{"start":{"line":294,"column":9},"end":{"line":296,"column":5}}],"line":291},"93":{"loc":{"start":{"line":307,"column":4},"end":{"line":309,"column":5}},"type":"if","locations":[{"start":{"line":307,"column":4},"end":{"line":309,"column":5}},{"start":{},"end":{}}],"line":307},"94":{"loc":{"start":{"line":310,"column":4},"end":{"line":312,"column":5}},"type":"if","locations":[{"start":{"line":310,"column":4},"end":{"line":312,"column":5}},{"start":{},"end":{}}],"line":310},"95":{"loc":{"start":{"line":317,"column":24},"end":{"line":317,"column":64}},"type":"cond-expr","locations":[{"start":{"line":317,"column":46},"end":{"line":317,"column":57}},{"start":{"line":317,"column":60},"end":{"line":317,"column":64}}],"line":317},"96":{"loc":{"start":{"line":319,"column":11},"end":{"line":319,"column":68}},"type":"cond-expr","locations":[{"start":{"line":319,"column":24},"end":{"line":319,"column":59}},{"start":{"line":319,"column":62},"end":{"line":319,"column":68}}],"line":319}},"s":{"0":1,"1":1,"2":1,"3":44,"4":0,"5":44,"6":44,"7":44,"8":230,"9":230,"10":230,"11":44,"12":44,"13":1,"14":44,"15":44,"16":396,"17":1992,"18":70,"19":1922,"20":396,"21":42,"22":396,"23":1992,"24":44,"25":44,"26":20,"27":0,"28":20,"29":0,"30":20,"31":20,"32":4,"33":16,"34":6,"35":10,"36":18,"37":2,"38":8,"39":6,"40":2,"41":0,"42":10,"43":8,"44":34,"45":58,"46":42,"47":16,"48":24,"49":24,"50":24,"51":18,"52":10,"53":10,"54":10,"55":10,"56":10,"57":10,"58":10,"59":6,"60":6,"61":6,"62":6,"63":4,"64":4,"65":4,"66":4,"67":4,"68":4,"69":4,"70":4,"71":0,"72":0,"73":0,"74":0,"75":0,"76":0,"77":0,"78":0,"79":0,"80":0,"81":0,"82":0,"83":0,"84":0,"85":0,"86":0,"87":0,"88":44,"89":44,"90":202,"91":6,"92":196,"93":490,"94":196,"95":4,"96":192,"97":4,"98":188,"99":2,"100":186,"101":2,"102":184,"103":6,"104":178,"105":2,"106":176,"107":0,"108":176,"109":2,"110":174,"111":8,"112":166,"113":10,"114":156,"115":24,"116":132,"117":8,"118":124,"119":10,"120":114,"121":0,"122":114,"123":10,"124":104,"125":0,"126":104,"127":6,"128":98,"129":0,"130":98,"131":4,"132":94,"133":0,"134":94,"135":4,"136":90,"137":0,"138":90,"139":0,"140":90,"141":0,"142":90,"143":0,"144":90,"145":0,"146":90,"147":0,"148":90,"149":0,"150":90,"151":0,"152":90,"153":0,"154":90,"155":44,"156":28,"157":0,"158":28,"159":54,"160":8,"161":46,"162":18,"163":28,"164":28,"165":28,"166":406,"167":344,"168":28,"169":1,"170":27,"171":14,"172":1},"f":{"0":44,"1":44,"2":1992,"3":1992,"4":20,"5":18,"6":2,"7":8,"8":6,"9":2,"10":0,"11":10,"12":8,"13":34,"14":58,"15":24,"16":18,"17":10,"18":10,"19":10,"20":6,"21":6,"22":4,"23":4,"24":4,"25":4,"26":0,"27":0,"28":0,"29":0,"30":0,"31":0,"32":0,"33":0,"34":0,"35":44,"36":202,"37":490,"38":28,"39":54,"40":406,"41":344,"42":27},"b":{"0":[0,44],"1":[70,1922],"2":[1992,70],"3":[42,354],"4":[1992,70],"5":[0,20],"6":[20,20],"7":[0,20],"8":[4,16],"9":[20,16,16],"10":[6,10],"11":[2,16],"12":[2,6],"13":[0,2],"14":[0,10],"15":[2,32],"16":[42,16],"17":[12,30],"18":[0,24],"19":[2,16],"20":[0,10],"21":[10,6],"22":[2,8],"23":[0,10],"24":[10,6],"25":[0,6],"26":[0,6],"27":[6,4],"28":[0,4],"29":[0,4],"30":[4,0],"31":[0,4],"32":[0,4],"33":[4,0],"34":[0,0],"35":[0,0],"36":[0,0],"37":[0,0],"38":[0,0],"39":[0,0],"40":[0,0],"41":[0,0],"42":[0,0],"43":[0,0],"44":[0,0],"45":[0,0],"46":[0,0],"47":[6,196],"48":[202,158,8,6,4,2,2],"49":[4,192],"50":[4,188],"51":[2,186],"52":[2,184],"53":[6,178],"54":[2,176],"55":[0,176],"56":[2,174],"57":[8,166],"58":[10,156],"59":[24,132],"60":[156,66],"61":[8,124],"62":[10,114],"63":[124,34],"64":[0,114],"65":[10,104],"66":[114,24],"67":[0,104],"68":[6,98],"69":[104,14],"70":[0,98],"71":[4,94],"72":[98,8],"73":[0,94],"74":[4,90],"75":[94,4],"76":[0,90],"77":[0,90],"78":[90,0],"79":[0,90],"80":[0,90],"81":[90,0],"82":[0,90],"83":[0,90],"84":[90,0],"85":[0,90],"86":[0,90],"87":[90,0],"88":[0,90],"89":[62,28],"90":[90,90],"91":[28,0],"92":[0,28],"93":[8,46],"94":[18,28],"95":[92,252],"96":[2,26]},"_coverageSchema":"1a1c01bbd47fc00a2c39e90264f33305004495a9","hash":"f47c450787041794e0c01e53674f7176081aa193"}
,"/Users/kamrantadzjibov/Projects/LekiTech/LezgiNumbers/src/numToLezgiTTS.ts": {"path":"/Users/kamrantadzjibov/Projects/LekiTech/LezgiNumbers/src/numToLezgiTTS.ts","statementMap":{"0":{"start":{"line":2,"column":0},"end":{"line":2,"column":62}},"1":{"start":{"line":3,"column":0},"end":{"line":3,"column":36}},"2":{"start":{"line":4,"column":21},"end":{"line":4,"column":44}},"3":{"start":{"line":7,"column":25},"end":{"line":7,"column":81}},"4":{"start":{"line":9,"column":25},"end":{"line":9,"column":41}},"5":{"start":{"line":10,"column":28},"end":{"line":10,"column":56}},"6":{"start":{"line":11,"column":8},"end":{"line":11,"column":57}},"7":{"start":{"line":13,"column":4},"end":{"line":29,"column":7}},"8":{"start":{"line":13,"column":34},"end":{"line":13,"column":49}},"9":{"start":{"line":15,"column":26},"end":{"line":15,"column":81}},"10":{"start":{"line":15,"column":58},"end":{"line":15,"column":77}},"11":{"start":{"line":16,"column":21},"end":{"line":16,"column":87}},"12":{"start":{"line":17,"column":21},"end":{"line":17,"column":22}},"13":{"start":{"line":18,"column":8},"end":{"line":21,"column":11}},"14":{"start":{"line":19,"column":12},"end":{"line":19,"column":75}},"15":{"start":{"line":20,"column":12},"end":{"line":20,"column":36}},"16":{"start":{"line":22,"column":8},"end":{"line":22,"column":22}},"17":{"start":{"line":25,"column":21},"end":{"line":25,"column":54}},"18":{"start":{"line":26,"column":8},"end":{"line":26,"column":43}},"19":{"start":{"line":27,"column":8},"end":{"line":27,"column":49}},"20":{"start":{"line":28,"column":8},"end":{"line":28,"column":24}},"21":{"start":{"line":32,"column":30},"end":{"line":32,"column":68}},"22":{"start":{"line":33,"column":23},"end":{"line":36,"column":61}},"23":{"start":{"line":34,"column":27},"end":{"line":34,"column":65}},"24":{"start":{"line":35,"column":29},"end":{"line":35,"column":43}},"25":{"start":{"line":36,"column":26},"end":{"line":36,"column":60}},"26":{"start":{"line":37,"column":4},"end":{"line":37,"column":22}},"27":{"start":{"line":46,"column":23},"end":{"line":46,"column":73}},"28":{"start":{"line":47,"column":4},"end":{"line":47,"column":28}},"29":{"start":{"line":48,"column":4},"end":{"line":48,"column":36}},"30":{"start":{"line":49,"column":4},"end":{"line":49,"column":41}},"31":{"start":{"line":51,"column":0},"end":{"line":51,"column":48}}},"fnMap":{"0":{"name":"concatenateAudiosBrowser","decl":{"start":{"line":5,"column":9},"end":{"line":5,"column":33}},"loc":{"start":{"line":5,"column":40},"end":{"line":30,"column":1}},"line":5},"1":{"name":"fetchAudio","decl":{"start":{"line":8,"column":19},"end":{"line":8,"column":29}},"loc":{"start":{"line":8,"column":35},"end":{"line":12,"column":5}},"line":8},"2":{"name":"(anonymous_2)","decl":{"start":{"line":13,"column":25},"end":{"line":13,"column":26}},"loc":{"start":{"line":13,"column":34},"end":{"line":13,"column":49}},"line":13},"3":{"name":"(anonymous_3)","decl":{"start":{"line":14,"column":14},"end":{"line":14,"column":15}},"loc":{"start":{"line":14,"column":27},"end":{"line":23,"column":5}},"line":14},"4":{"name":"(anonymous_4)","decl":{"start":{"line":15,"column":41},"end":{"line":15,"column":42}},"loc":{"start":{"line":15,"column":58},"end":{"line":15,"column":77}},"line":15},"5":{"name":"(anonymous_5)","decl":{"start":{"line":18,"column":24},"end":{"line":18,"column":25}},"loc":{"start":{"line":18,"column":36},"end":{"line":21,"column":9}},"line":18},"6":{"name":"(anonymous_6)","decl":{"start":{"line":24,"column":14},"end":{"line":24,"column":15}},"loc":{"start":{"line":24,"column":38},"end":{"line":29,"column":5}},"line":24},"7":{"name":"numberToSpokenLezgiAudioFiles","decl":{"start":{"line":31,"column":9},"end":{"line":31,"column":38}},"loc":{"start":{"line":31,"column":60},"end":{"line":38,"column":1}},"line":31},"8":{"name":"(anonymous_8)","decl":{"start":{"line":34,"column":13},"end":{"line":34,"column":14}},"loc":{"start":{"line":34,"column":27},"end":{"line":34,"column":65}},"line":34},"9":{"name":"(anonymous_9)","decl":{"start":{"line":35,"column":16},"end":{"line":35,"column":17}},"loc":{"start":{"line":35,"column":29},"end":{"line":35,"column":43}},"line":35},"10":{"name":"(anonymous_10)","decl":{"start":{"line":36,"column":13},"end":{"line":36,"column":14}},"loc":{"start":{"line":36,"column":26},"end":{"line":36,"column":60}},"line":36},"11":{"name":"playLezgiNumberTts","decl":{"start":{"line":45,"column":9},"end":{"line":45,"column":27}},"loc":{"start":{"line":45,"column":49},"end":{"line":50,"column":1}},"line":45}},"branchMap":{"0":{"loc":{"start":{"line":7,"column":30},"end":{"line":7,"column":78}},"type":"binary-expr","locations":[{"start":{"line":7,"column":30},"end":{"line":7,"column":49}},{"start":{"line":7,"column":53},"end":{"line":7,"column":78}}],"line":7},"1":{"loc":{"start":{"line":34,"column":27},"end":{"line":34,"column":65}},"type":"cond-expr","locations":[{"start":{"line":34,"column":45},"end":{"line":34,"column":59}},{"start":{"line":34,"column":62},"end":{"line":34,"column":65}}],"line":34}},"s":{"0":1,"1":1,"2":1,"3":0,"4":0,"5":0,"6":0,"7":0,"8":0,"9":0,"10":0,"11":0,"12":0,"13":0,"14":0,"15":0,"16":0,"17":0,"18":0,"19":0,"20":0,"21":0,"22":0,"23":0,"24":0,"25":0,"26":0,"27":0,"28":0,"29":0,"30":0,"31":1},"f":{"0":0,"1":0,"2":0,"3":0,"4":0,"5":0,"6":0,"7":0,"8":0,"9":0,"10":0,"11":0},"b":{"0":[0,0],"1":[0,0]},"_coverageSchema":"1a1c01bbd47fc00a2c39e90264f33305004495a9","hash":"1d10289c97f7be37945d14c7e10fa49c67e3c121"}
}
