TN:
SF:src/constants.ts
FNF:0
FNH:0
DA:2,1
DA:3,1
DA:4,1
DA:5,1
DA:6,1
DA:7,1
DA:8,1
DA:9,1
DA:10,1
DA:11,1
DA:12,1
DA:13,1
LF:12
LH:12
BRF:0
BRH:0
end_of_record
TN:
SF:src/index.ts
FN:11,separateNumberIntoUnits
FN:37,groupNumberUnitsToLezgiRange
FN:40,(anonymous_2)
FN:50,(anonymous_3)
FN:56,getTenPlusBase
FN:72,getTwentyPlusBase
FN:76,getThirtyPlusBase
FN:79,getFourtyPlusBase
FN:83,getFiftyPlusBase
FN:86,getSixtyPlusBase
FN:89,getSeventyPlusBase
FN:92,getEightyPlusBase
FN:95,getNinetyPlusBase
FN:98,getHundredPlusBase
FN:101,getHundredPlusNumCount
FN:104,getBetweenHundredAndThousand
FN:109,getThousandPlusBase
FN:112,getBetweenThousandAndMillion
FN:117,getMillionPlusBase
FN:120,getBetweenMillionAndBillion
FN:125,getBillionPlusBase
FN:128,getBetweenBillionAndTrillion
FN:133,getTrillionPlusBase
FN:136,getBetweenTrillionAndQuadrillion
FN:141,getQuadrillionPlusBase
FN:144,getBetweenQuadrillionAndQuintillion
FN:149,getQuintillionPlusBase
FN:152,getBetweenQuintillionAndSextillion
FN:157,getSextillionPlusBase
FN:160,getBetweenSextillionAndSeptillion
FN:165,getSeptillionPlusBase
FN:168,getBetweenSeptillionAndOctillion
FN:173,getOctillionPlusBase
FN:176,getBetweenOctillionAndNonillion
FN:181,getNonillionPlusBase
FN:184,getCompound
FN:186,(anonymous_36)
FN:196,(anonymous_37)
FN:298,numToLezgi
FNF:39
FNH:24
FNDA:13,separateNumberIntoUnits
FNDA:13,groupNumberUnitsToLezgiRange
FNDA:551,(anonymous_2)
FNDA:551,(anonymous_3)
FNDA:4,getTenPlusBase
FNDA:4,getTwentyPlusBase
FNDA:1,getThirtyPlusBase
FNDA:1,getFourtyPlusBase
FNDA:1,getFiftyPlusBase
FNDA:1,getSixtyPlusBase
FNDA:0,getSeventyPlusBase
FNDA:1,getEightyPlusBase
FNDA:0,getNinetyPlusBase
FNDA:8,getHundredPlusBase
FNDA:13,getHundredPlusNumCount
FNDA:6,getBetweenHundredAndThousand
FNDA:7,getThousandPlusBase
FNDA:3,getBetweenThousandAndMillion
FNDA:3,getMillionPlusBase
FNDA:3,getBetweenMillionAndBillion
FNDA:1,getBillionPlusBase
FNDA:1,getBetweenBillionAndTrillion
FNDA:0,getTrillionPlusBase
FNDA:0,getBetweenTrillionAndQuadrillion
FNDA:0,getQuadrillionPlusBase
FNDA:0,getBetweenQuadrillionAndQuintillion
FNDA:0,getQuintillionPlusBase
FNDA:0,getBetweenQuintillionAndSextillion
FNDA:0,getSextillionPlusBase
FNDA:0,getBetweenSextillionAndSeptillion
FNDA:0,getSeptillionPlusBase
FNDA:0,getBetweenSeptillionAndOctillion
FNDA:0,getOctillionPlusBase
FNDA:0,getBetweenOctillionAndNonillion
FNDA:0,getNonillionPlusBase
FNDA:13,getCompound
FNDA:58,(anonymous_36)
FNDA:114,(anonymous_37)
FNDA:11,numToLezgi
DA:2,1
DA:3,1
DA:4,1
DA:12,13
DA:13,0
DA:14,13
DA:15,13
DA:16,13
DA:17,62
DA:18,62
DA:19,62
DA:22,13
DA:24,13
DA:26,1
DA:38,13
DA:39,13
DA:40,117
DA:41,551
DA:42,15
DA:44,536
DA:46,117
DA:47,11
DA:50,551
DA:53,13
DA:54,13
DA:57,4
DA:58,0
DA:60,4
DA:61,0
DA:63,4
DA:64,4
DA:65,0
DA:67,4
DA:68,1
DA:70,3
DA:74,4
DA:77,1
DA:81,1
DA:84,1
DA:87,1
DA:90,0
DA:93,1
DA:96,0
DA:99,8
DA:102,13
DA:105,6
DA:106,6
DA:107,6
DA:110,7
DA:113,3
DA:114,3
DA:115,3
DA:118,3
DA:121,3
DA:122,3
DA:123,3
DA:126,1
DA:129,1
DA:130,1
DA:131,1
DA:134,0
DA:137,0
DA:138,0
DA:139,0
DA:142,0
DA:145,0
DA:146,0
DA:147,0
DA:150,0
DA:153,0
DA:154,0
DA:155,0
DA:158,0
DA:161,0
DA:162,0
DA:163,0
DA:166,0
DA:169,0
DA:170,0
DA:171,0
DA:174,0
DA:177,0
DA:178,0
DA:179,0
DA:182,0
DA:185,13
DA:186,13
DA:187,58
DA:194,3
DA:196,114
DA:197,55
DA:198,2
DA:200,53
DA:201,1
DA:203,52
DA:204,1
DA:206,51
DA:207,0
DA:209,51
DA:210,1
DA:212,50
DA:213,1
DA:215,49
DA:216,0
DA:218,49
DA:219,1
DA:221,48
DA:222,0
DA:224,48
DA:225,2
DA:227,46
DA:228,6
DA:230,40
DA:231,4
DA:233,36
DA:234,3
DA:236,33
DA:237,0
DA:239,33
DA:240,3
DA:242,30
DA:243,0
DA:245,30
DA:246,1
DA:248,29
DA:249,0
DA:251,29
DA:252,0
DA:254,29
DA:255,0
DA:257,29
DA:258,0
DA:260,29
DA:261,0
DA:263,29
DA:264,0
DA:266,29
DA:267,0
DA:269,29
DA:270,0
DA:272,29
DA:273,0
DA:275,29
DA:276,0
DA:278,29
DA:279,0
DA:281,29
DA:282,0
DA:284,29
DA:285,0
DA:287,29
DA:289,13
DA:299,11
DA:300,0
DA:303,11
DA:306,1
LF:156
LH:106
BRDA:12,0,0,0
BRDA:12,0,1,13
BRDA:41,1,0,15
BRDA:41,1,1,536
BRDA:41,2,0,551
BRDA:41,2,1,15
BRDA:46,3,0,11
BRDA:46,3,1,106
BRDA:50,4,0,551
BRDA:50,4,1,15
BRDA:57,5,0,0
BRDA:57,5,1,4
BRDA:57,6,0,4
BRDA:57,6,1,4
BRDA:60,7,0,0
BRDA:60,7,1,4
BRDA:64,8,0,0
BRDA:64,8,1,4
BRDA:64,9,0,4
BRDA:64,9,1,4
BRDA:64,9,2,4
BRDA:67,10,0,1
BRDA:67,10,1,3
BRDA:87,11,0,0
BRDA:87,11,1,1
BRDA:93,12,0,0
BRDA:93,12,1,1
BRDA:99,13,0,1
BRDA:99,13,1,7
BRDA:102,14,0,4
BRDA:102,14,1,9
BRDA:105,15,0,0
BRDA:105,15,1,6
BRDA:110,16,0,1
BRDA:110,16,1,6
BRDA:113,17,0,0
BRDA:113,17,1,3
BRDA:114,18,0,3
BRDA:114,18,1,1
BRDA:118,19,0,1
BRDA:118,19,1,2
BRDA:121,20,0,0
BRDA:121,20,1,3
BRDA:122,21,0,3
BRDA:122,21,1,1
BRDA:126,22,0,0
BRDA:126,22,1,1
BRDA:129,23,0,0
BRDA:129,23,1,1
BRDA:130,24,0,1
BRDA:130,24,1,0
BRDA:134,25,0,0
BRDA:134,25,1,0
BRDA:137,26,0,0
BRDA:137,26,1,0
BRDA:138,27,0,0
BRDA:138,27,1,0
BRDA:142,28,0,0
BRDA:142,28,1,0
BRDA:145,29,0,0
BRDA:145,29,1,0
BRDA:146,30,0,0
BRDA:146,30,1,0
BRDA:150,31,0,0
BRDA:150,31,1,0
BRDA:153,32,0,0
BRDA:153,32,1,0
BRDA:154,33,0,0
BRDA:154,33,1,0
BRDA:158,34,0,0
BRDA:158,34,1,0
BRDA:161,35,0,0
BRDA:161,35,1,0
BRDA:162,36,0,0
BRDA:162,36,1,0
BRDA:166,37,0,0
BRDA:166,37,1,0
BRDA:169,38,0,0
BRDA:169,38,1,0
BRDA:170,39,0,0
BRDA:170,39,1,0
BRDA:174,40,0,0
BRDA:174,40,1,0
BRDA:177,41,0,0
BRDA:177,41,1,0
BRDA:178,42,0,0
BRDA:178,42,1,0
BRDA:182,43,0,0
BRDA:182,43,1,0
BRDA:187,44,0,3
BRDA:187,44,1,55
BRDA:187,45,0,58
BRDA:187,45,1,45
BRDA:187,45,2,4
BRDA:187,45,3,3
BRDA:187,45,4,2
BRDA:187,45,5,1
BRDA:187,45,6,1
BRDA:197,46,0,2
BRDA:197,46,1,53
BRDA:200,47,0,1
BRDA:200,47,1,52
BRDA:203,48,0,1
BRDA:203,48,1,51
BRDA:206,49,0,0
BRDA:206,49,1,51
BRDA:209,50,0,1
BRDA:209,50,1,50
BRDA:212,51,0,1
BRDA:212,51,1,49
BRDA:215,52,0,0
BRDA:215,52,1,49
BRDA:218,53,0,1
BRDA:218,53,1,48
BRDA:221,54,0,0
BRDA:221,54,1,48
BRDA:224,55,0,2
BRDA:224,55,1,46
BRDA:227,56,0,6
BRDA:227,56,1,40
BRDA:227,57,0,46
BRDA:227,57,1,17
BRDA:230,58,0,4
BRDA:230,58,1,36
BRDA:233,59,0,3
BRDA:233,59,1,33
BRDA:233,60,0,36
BRDA:233,60,1,7
BRDA:236,61,0,0
BRDA:236,61,1,33
BRDA:239,62,0,3
BRDA:239,62,1,30
BRDA:239,63,0,33
BRDA:239,63,1,4
BRDA:242,64,0,0
BRDA:242,64,1,30
BRDA:245,65,0,1
BRDA:245,65,1,29
BRDA:245,66,0,30
BRDA:245,66,1,1
BRDA:248,67,0,0
BRDA:248,67,1,29
BRDA:251,68,0,0
BRDA:251,68,1,29
BRDA:251,69,0,29
BRDA:251,69,1,0
BRDA:254,70,0,0
BRDA:254,70,1,29
BRDA:257,71,0,0
BRDA:257,71,1,29
BRDA:257,72,0,29
BRDA:257,72,1,0
BRDA:260,73,0,0
BRDA:260,73,1,29
BRDA:263,74,0,0
BRDA:263,74,1,29
BRDA:263,75,0,29
BRDA:263,75,1,0
BRDA:266,76,0,0
BRDA:266,76,1,29
BRDA:269,77,0,0
BRDA:269,77,1,29
BRDA:269,78,0,29
BRDA:269,78,1,0
BRDA:272,79,0,0
BRDA:272,79,1,29
BRDA:275,80,0,0
BRDA:275,80,1,29
BRDA:275,81,0,29
BRDA:275,81,1,0
BRDA:278,82,0,0
BRDA:278,82,1,29
BRDA:281,83,0,0
BRDA:281,83,1,29
BRDA:281,84,0,29
BRDA:281,84,1,0
BRDA:284,85,0,0
BRDA:284,85,1,29
BRDA:287,86,0,22
BRDA:287,86,1,7
BRDA:287,87,0,29
BRDA:287,87,1,29
BRDA:287,88,0,7
BRDA:287,88,1,0
BRDA:299,89,0,0
BRDA:299,89,1,11
BRF:186
BRH:110
end_of_record
