TN:
SF:src/constants.ts
FNF:0
FNH:0
DA:2,2
DA:3,2
DA:4,2
DA:5,2
DA:6,2
DA:7,2
DA:8,2
DA:9,2
DA:10,2
DA:11,2
DA:12,2
DA:13,2
DA:50,2
DA:51,2
DA:52,2
DA:53,2
LF:16
LH:16
BRF:0
BRH:0
end_of_record
TN:
SF:src/index.ts
FN:5,(anonymous_0)
FN:7,(anonymous_1)
FNF:2
FNH:1
FNDA:27,(anonymous_0)
FNDA:0,(anonymous_1)
DA:2,1
DA:3,1
DA:4,1
DA:5,27
DA:6,1
DA:7,1
LF:6
LH:6
BRF:0
BRH:0
end_of_record
TN:
SF:src/lezgiToNum.ts
FN:12,lezgiToNum
FN:35,(anonymous_1)
FN:76,(anonymous_2)
FNF:3
FNH:3
FNDA:21,lezgiToNum
FNDA:106,(anonymous_1)
FNDA:37,(anonymous_2)
DA:2,2
DA:3,2
DA:4,2
DA:13,21
DA:14,0
DA:16,21
DA:17,21
DA:18,2
DA:20,21
DA:21,21
DA:23,2
DA:24,2
DA:25,2
DA:27,0
DA:30,0
DA:35,19
DA:36,106
DA:37,106
DA:40,0
DA:43,19
DA:44,19
DA:45,19
DA:46,87
DA:47,87
DA:48,87
DA:50,2
DA:53,85
DA:54,0
DA:56,85
DA:57,53
DA:60,33
DA:65,20
DA:67,53
DA:69,32
DA:71,32
DA:72,32
DA:76,37
DA:77,17
DA:80,2
LF:39
LH:34
BRDA:13,0,0,0
BRDA:13,0,1,21
BRDA:17,1,0,2
BRDA:17,1,1,19
BRDA:21,2,0,2
BRDA:21,2,1,19
BRDA:23,3,0,2
BRDA:23,3,1,0
BRDA:24,4,0,2
BRDA:24,4,1,0
BRDA:25,5,0,2
BRDA:25,5,1,0
BRDA:27,6,0,0
BRDA:27,6,1,0
BRDA:36,7,0,106
BRDA:36,7,1,0
BRDA:44,8,0,19
BRDA:44,8,1,0
BRDA:48,9,0,2
BRDA:48,9,1,85
BRDA:48,10,0,87
BRDA:48,10,1,87
BRDA:48,10,2,86
BRDA:53,11,0,0
BRDA:53,11,1,85
BRDA:53,12,0,85
BRDA:53,12,1,49
BRDA:56,13,0,53
BRDA:56,13,1,32
BRDA:57,14,0,33
BRDA:57,14,1,20
BRDA:69,15,0,32
BRDA:69,15,1,0
BRDA:77,16,0,2
BRDA:77,16,1,15
BRF:35
BRH:25
end_of_record
TN:
SF:src/numToLezgi.ts
FN:11,separateNumberIntoUnits
FN:35,groupNumberUnitsToLezgiRange
FN:38,(anonymous_2)
FN:48,(anonymous_3)
FN:54,getTenPlusBase
FN:70,getTwentyPlusBase
FN:73,getThirtyPlusBase
FN:76,getFourtyPlusBase
FN:79,getFiftyPlusBase
FN:82,getSixtyPlusBase
FN:85,getSeventyPlusBase
FN:88,getEightyPlusBase
FN:91,getNinetyPlusBase
FN:94,getHundredPlusBase
FN:97,getHundredPlusNumCount
FN:100,getBetweenHundredAndThousand
FN:105,getThousandPlusBase
FN:108,getBetweenThousandAndMillion
FN:113,getMillionPlusBase
FN:116,getBetweenMillionAndBillion
FN:121,getBillionPlusBase
FN:124,getBetweenBillionAndTrillion
FN:129,getTrillionPlusBase
FN:132,getBetweenTrillionAndQuadrillion
FN:137,getQuadrillionPlusBase
FN:140,getBetweenQuadrillionAndQuintillion
FN:145,getQuintillionPlusBase
FN:148,getBetweenQuintillionAndSextillion
FN:153,getSextillionPlusBase
FN:156,getBetweenSextillionAndSeptillion
FN:161,getSeptillionPlusBase
FN:164,getBetweenSeptillionAndOctillion
FN:169,getOctillionPlusBase
FN:172,getBetweenOctillionAndNonillion
FN:177,getNonillionPlusBase
FN:180,getCompound
FN:182,(anonymous_36)
FN:192,(anonymous_37)
FN:287,getAtomicOrCompound
FN:303,numToLezgi
FNF:40
FNH:30
FNDA:22,separateNumberIntoUnits
FNDA:22,groupNumberUnitsToLezgiRange
FNDA:996,(anonymous_2)
FNDA:996,(anonymous_3)
FNDA:10,getTenPlusBase
FNDA:9,getTwentyPlusBase
FNDA:1,getThirtyPlusBase
FNDA:4,getFourtyPlusBase
FNDA:3,getFiftyPlusBase
FNDA:1,getSixtyPlusBase
FNDA:0,getSeventyPlusBase
FNDA:5,getEightyPlusBase
FNDA:4,getNinetyPlusBase
FNDA:17,getHundredPlusBase
FNDA:29,getHundredPlusNumCount
FNDA:12,getBetweenHundredAndThousand
FNDA:9,getThousandPlusBase
FNDA:5,getBetweenThousandAndMillion
FNDA:5,getMillionPlusBase
FNDA:5,getBetweenMillionAndBillion
FNDA:3,getBillionPlusBase
FNDA:3,getBetweenBillionAndTrillion
FNDA:2,getTrillionPlusBase
FNDA:2,getBetweenTrillionAndQuadrillion
FNDA:2,getQuadrillionPlusBase
FNDA:2,getBetweenQuadrillionAndQuintillion
FNDA:0,getQuintillionPlusBase
FNDA:0,getBetweenQuintillionAndSextillion
FNDA:0,getSextillionPlusBase
FNDA:0,getBetweenSextillionAndSeptillion
FNDA:0,getSeptillionPlusBase
FNDA:0,getBetweenSeptillionAndOctillion
FNDA:0,getOctillionPlusBase
FNDA:0,getBetweenOctillionAndNonillion
FNDA:0,getNonillionPlusBase
FNDA:22,getCompound
FNDA:101,(anonymous_36)
FNDA:245,(anonymous_37)
FNDA:14,getAtomicOrCompound
FNDA:27,numToLezgi
DA:2,1
DA:3,1
DA:4,1
DA:12,22
DA:13,0
DA:14,22
DA:15,22
DA:16,22
DA:17,115
DA:18,115
DA:19,115
DA:21,22
DA:22,22
DA:24,1
DA:36,22
DA:37,22
DA:38,198
DA:39,996
DA:40,35
DA:42,961
DA:44,198
DA:45,21
DA:48,996
DA:51,22
DA:52,22
DA:55,10
DA:56,0
DA:58,10
DA:59,0
DA:61,10
DA:62,10
DA:63,2
DA:65,8
DA:66,3
DA:68,5
DA:71,9
DA:74,1
DA:77,4
DA:80,3
DA:83,1
DA:86,0
DA:89,5
DA:92,4
DA:95,17
DA:98,29
DA:101,12
DA:102,12
DA:103,12
DA:106,9
DA:109,5
DA:110,5
DA:111,5
DA:114,5
DA:117,5
DA:118,5
DA:119,5
DA:122,3
DA:125,3
DA:126,3
DA:127,3
DA:130,2
DA:133,2
DA:134,2
DA:135,2
DA:138,2
DA:141,2
DA:142,2
DA:143,2
DA:146,0
DA:149,0
DA:150,0
DA:151,0
DA:154,0
DA:157,0
DA:158,0
DA:159,0
DA:162,0
DA:165,0
DA:166,0
DA:167,0
DA:170,0
DA:173,0
DA:174,0
DA:175,0
DA:178,0
DA:181,22
DA:182,22
DA:183,101
DA:190,3
DA:192,245
DA:193,98
DA:194,2
DA:196,96
DA:197,2
DA:199,94
DA:200,1
DA:202,93
DA:203,1
DA:205,92
DA:206,3
DA:208,89
DA:209,1
DA:211,88
DA:212,0
DA:214,88
DA:215,1
DA:217,87
DA:218,4
DA:220,83
DA:221,5
DA:223,78
DA:224,12
DA:226,66
DA:227,4
DA:229,62
DA:230,5
DA:232,57
DA:233,0
DA:235,57
DA:236,5
DA:238,52
DA:239,0
DA:241,52
DA:242,3
DA:244,49
DA:245,0
DA:247,49
DA:248,2
DA:250,47
DA:251,0
DA:253,47
DA:254,2
DA:256,45
DA:257,0
DA:259,45
DA:260,0
DA:262,45
DA:263,0
DA:265,45
DA:266,0
DA:268,45
DA:269,0
DA:271,45
DA:272,0
DA:274,45
DA:275,0
DA:277,45
DA:278,0
DA:280,45
DA:281,0
DA:283,45
DA:285,22
DA:288,14
DA:289,0
DA:292,14
DA:304,27
DA:305,4
DA:307,23
DA:308,9
DA:310,14
DA:311,14
DA:312,14
DA:313,14
DA:315,1
LF:164
LH:128
BRDA:12,0,0,0
BRDA:12,0,1,22
BRDA:39,1,0,35
BRDA:39,1,1,961
BRDA:39,2,0,996
BRDA:39,2,1,35
BRDA:44,3,0,21
BRDA:44,3,1,177
BRDA:48,4,0,996
BRDA:48,4,1,35
BRDA:55,5,0,0
BRDA:55,5,1,10
BRDA:55,6,0,10
BRDA:55,6,1,10
BRDA:58,7,0,0
BRDA:58,7,1,10
BRDA:62,8,0,2
BRDA:62,8,1,8
BRDA:62,9,0,10
BRDA:62,9,1,8
BRDA:62,9,2,8
BRDA:65,10,0,3
BRDA:65,10,1,5
BRDA:71,11,0,1
BRDA:71,11,1,8
BRDA:77,12,0,1
BRDA:77,12,1,3
BRDA:83,13,0,0
BRDA:83,13,1,1
BRDA:89,14,0,0
BRDA:89,14,1,5
BRDA:95,15,0,1
BRDA:95,15,1,16
BRDA:98,16,0,6
BRDA:98,16,1,23
BRDA:101,17,0,0
BRDA:101,17,1,12
BRDA:106,18,0,1
BRDA:106,18,1,8
BRDA:109,19,0,0
BRDA:109,19,1,5
BRDA:110,20,0,5
BRDA:110,20,1,3
BRDA:114,21,0,1
BRDA:114,21,1,4
BRDA:117,22,0,0
BRDA:117,22,1,5
BRDA:118,23,0,5
BRDA:118,23,1,3
BRDA:122,24,0,0
BRDA:122,24,1,3
BRDA:125,25,0,0
BRDA:125,25,1,3
BRDA:126,26,0,3
BRDA:126,26,1,2
BRDA:130,27,0,0
BRDA:130,27,1,2
BRDA:133,28,0,0
BRDA:133,28,1,2
BRDA:134,29,0,2
BRDA:134,29,1,0
BRDA:138,30,0,0
BRDA:138,30,1,2
BRDA:141,31,0,0
BRDA:141,31,1,2
BRDA:142,32,0,2
BRDA:142,32,1,0
BRDA:146,33,0,0
BRDA:146,33,1,0
BRDA:149,34,0,0
BRDA:149,34,1,0
BRDA:150,35,0,0
BRDA:150,35,1,0
BRDA:154,36,0,0
BRDA:154,36,1,0
BRDA:157,37,0,0
BRDA:157,37,1,0
BRDA:158,38,0,0
BRDA:158,38,1,0
BRDA:162,39,0,0
BRDA:162,39,1,0
BRDA:165,40,0,0
BRDA:165,40,1,0
BRDA:166,41,0,0
BRDA:166,41,1,0
BRDA:170,42,0,0
BRDA:170,42,1,0
BRDA:173,43,0,0
BRDA:173,43,1,0
BRDA:174,44,0,0
BRDA:174,44,1,0
BRDA:178,45,0,0
BRDA:178,45,1,0
BRDA:183,46,0,3
BRDA:183,46,1,98
BRDA:183,47,0,101
BRDA:183,47,1,79
BRDA:183,47,2,4
BRDA:183,47,3,3
BRDA:183,47,4,2
BRDA:183,47,5,1
BRDA:183,47,6,1
BRDA:193,48,0,2
BRDA:193,48,1,96
BRDA:196,49,0,2
BRDA:196,49,1,94
BRDA:199,50,0,1
BRDA:199,50,1,93
BRDA:202,51,0,1
BRDA:202,51,1,92
BRDA:205,52,0,3
BRDA:205,52,1,89
BRDA:208,53,0,1
BRDA:208,53,1,88
BRDA:211,54,0,0
BRDA:211,54,1,88
BRDA:214,55,0,1
BRDA:214,55,1,87
BRDA:217,56,0,4
BRDA:217,56,1,83
BRDA:220,57,0,5
BRDA:220,57,1,78
BRDA:223,58,0,12
BRDA:223,58,1,66
BRDA:223,59,0,78
BRDA:223,59,1,33
BRDA:226,60,0,4
BRDA:226,60,1,62
BRDA:229,61,0,5
BRDA:229,61,1,57
BRDA:229,62,0,62
BRDA:229,62,1,17
BRDA:232,63,0,0
BRDA:232,63,1,57
BRDA:235,64,0,5
BRDA:235,64,1,52
BRDA:235,65,0,57
BRDA:235,65,1,12
BRDA:238,66,0,0
BRDA:238,66,1,52
BRDA:241,67,0,3
BRDA:241,67,1,49
BRDA:241,68,0,52
BRDA:241,68,1,7
BRDA:244,69,0,0
BRDA:244,69,1,49
BRDA:247,70,0,2
BRDA:247,70,1,47
BRDA:247,71,0,49
BRDA:247,71,1,4
BRDA:250,72,0,0
BRDA:250,72,1,47
BRDA:253,73,0,2
BRDA:253,73,1,45
BRDA:253,74,0,47
BRDA:253,74,1,2
BRDA:256,75,0,0
BRDA:256,75,1,45
BRDA:259,76,0,0
BRDA:259,76,1,45
BRDA:259,77,0,45
BRDA:259,77,1,0
BRDA:262,78,0,0
BRDA:262,78,1,45
BRDA:265,79,0,0
BRDA:265,79,1,45
BRDA:265,80,0,45
BRDA:265,80,1,0
BRDA:268,81,0,0
BRDA:268,81,1,45
BRDA:271,82,0,0
BRDA:271,82,1,45
BRDA:271,83,0,45
BRDA:271,83,1,0
BRDA:274,84,0,0
BRDA:274,84,1,45
BRDA:277,85,0,0
BRDA:277,85,1,45
BRDA:277,86,0,45
BRDA:277,86,1,0
BRDA:280,87,0,0
BRDA:280,87,1,45
BRDA:283,88,0,31
BRDA:283,88,1,14
BRDA:283,89,0,45
BRDA:283,89,1,45
BRDA:283,90,0,14
BRDA:283,90,1,0
BRDA:288,91,0,0
BRDA:288,91,1,14
BRDA:304,92,0,4
BRDA:304,92,1,23
BRDA:307,93,0,9
BRDA:307,93,1,14
BRDA:313,94,0,1
BRDA:313,94,1,13
BRF:196
BRH:134
end_of_record
